<?xml version="1.0" encoding="UTF-8" ?>
<testsuite failures="0" time="8.003" errors="1" skipped="0" tests="1" name="br.org.vilicum.business.AlertaBCTest">
  <properties>
[...]
</properties>
  <testcase time="0" classname="org.apache.maven.surefire.junit4.JUnit4Provider" name="br.org.vilicum.business.AlertaBCTest">
    <error message="org.jboss.weld.exceptions.WeldException: WELD-000049 Unable to invoke [method] @PostConstruct public br.gov.frameworkdemoiselle.internal.producer.RequestEntityManagerStore.initialize() on br.gov.frameworkdemoiselle.internal.producer.RequestEntityManagerStore@10236bb" type="br.gov.frameworkdemoiselle.DemoiselleException">br.gov.frameworkdemoiselle.DemoiselleException: org.jboss.weld.exceptions.WeldException: WELD-000049 Unable to invoke [method] @PostConstruct public br.gov.frameworkdemoiselle.internal.producer.RequestEntityManagerStore.initialize() on br.gov.frameworkdemoiselle.internal.producer.RequestEntityManagerStore@10236bb
	at br.gov.frameworkdemoiselle.internal.bootstrap.AbstractLifecycleBootstrap.proccessEvent(AbstractLifecycleBootstrap.java:145)
	at br.gov.frameworkdemoiselle.internal.bootstrap.StartupBootstrap.startup(StartupBootstrap.java:64)
	at sun.reflect.NativeMethodAccessorImpl.invoke0(Native Method)
	at sun.reflect.NativeMethodAccessorImpl.invoke(NativeMethodAccessorImpl.java:57)
	at sun.reflect.DelegatingMethodAccessorImpl.invoke(DelegatingMethodAccessorImpl.java:43)
	at java.lang.reflect.Method.invoke(Method.java:601)
	at org.jboss.weld.util.reflection.SecureReflections$13.work(SecureReflections.java:267)
	at org.jboss.weld.util.reflection.SecureReflectionAccess.run(SecureReflectionAccess.java:52)
	at org.jboss.weld.util.reflection.SecureReflectionAccess.runAsInvocation(SecureReflectionAccess.java:137)
	at org.jboss.weld.util.reflection.SecureReflections.invoke(SecureReflections.java:263)
	at org.jboss.weld.introspector.jlr.WeldMethodImpl.invokeOnInstance(WeldMethodImpl.java:170)
	at org.jboss.weld.introspector.ForwardingWeldMethod.invokeOnInstance(ForwardingWeldMethod.java:51)
	at org.jboss.weld.injection.MethodInjectionPoint.invokeOnInstanceWithSpecialValue(MethodInjectionPoint.java:154)
	at org.jboss.weld.event.ObserverMethodImpl.sendEvent(ObserverMethodImpl.java:245)
	at org.jboss.weld.event.ObserverMethodImpl.sendEvent(ObserverMethodImpl.java:233)
	at org.jboss.weld.event.ObserverMethodImpl.notify(ObserverMethodImpl.java:213)
	at org.jboss.weld.manager.BeanManagerImpl.notifyObservers(BeanManagerImpl.java:590)
	at org.jboss.weld.manager.BeanManagerImpl.fireEvent(BeanManagerImpl.java:580)
	at org.jboss.weld.manager.BeanManagerImpl.fireEvent(BeanManagerImpl.java:575)
	at br.gov.frameworkdemoiselle.junit.DemoiselleRunner.startup(DemoiselleRunner.java:83)
	at br.gov.frameworkdemoiselle.junit.DemoiselleRunner.run(DemoiselleRunner.java:72)
	at org.apache.maven.surefire.junit4.JUnit4TestSet.execute(JUnit4TestSet.java:53)
	at org.apache.maven.surefire.junit4.JUnit4Provider.executeTestSet(JUnit4Provider.java:123)
	at org.apache.maven.surefire.junit4.JUnit4Provider.invoke(JUnit4Provider.java:104)
	at sun.reflect.NativeMethodAccessorImpl.invoke0(Native Method)
	at sun.reflect.NativeMethodAccessorImpl.invoke(NativeMethodAccessorImpl.java:57)
	at sun.reflect.DelegatingMethodAccessorImpl.invoke(DelegatingMethodAccessorImpl.java:43)
	at java.lang.reflect.Method.invoke(Method.java:601)
	at org.apache.maven.surefire.util.ReflectionUtils.invokeMethodWithArray(ReflectionUtils.java:164)
	at org.apache.maven.surefire.booter.ProviderFactory$ProviderProxy.invoke(ProviderFactory.java:110)
	at org.apache.maven.surefire.booter.SurefireStarter.invokeProvider(SurefireStarter.java:175)
	at org.apache.maven.surefire.booter.SurefireStarter.runSuitesInProcessWhenForked(SurefireStarter.java:107)
	at org.apache.maven.surefire.booter.ForkedBooter.main(ForkedBooter.java:68)
Caused by: org.jboss.weld.exceptions.WeldException: WELD-000049 Unable to invoke [method] @PostConstruct public br.gov.frameworkdemoiselle.internal.producer.RequestEntityManagerStore.initialize() on br.gov.frameworkdemoiselle.internal.producer.RequestEntityManagerStore@10236bb
	at org.jboss.weld.bean.AbstractClassBean.defaultPostConstruct(AbstractClassBean.java:400)
	at org.jboss.weld.bean.ManagedBean$ManagedBeanInjectionTarget.postConstruct(ManagedBean.java:174)
	at org.jboss.weld.bean.ManagedBean.create(ManagedBean.java:294)
	at br.gov.frameworkdemoiselle.internal.context.AbstractCustomContext.get(AbstractCustomContext.java:98)
	at org.jboss.weld.bean.proxy.ContextBeanInstance.getInstance(ContextBeanInstance.java:90)
	at org.jboss.weld.bean.proxy.ProxyMethodHandler.invoke(ProxyMethodHandler.java:79)
	at br.gov.frameworkdemoiselle.internal.producer.RequestEntityManagerStore$Proxy$_$$_WeldClientProxy.getCache(RequestEntityManagerStore$Proxy$_$$_WeldClientProxy.java)
	at br.gov.frameworkdemoiselle.internal.producer.EntityManagerProducer.getCache(EntityManagerProducer.java:170)
	at br.gov.frameworkdemoiselle.internal.producer.EntityManagerProducer$Proxy$_$$_WeldClientProxy.getCache(EntityManagerProducer$Proxy$_$$_WeldClientProxy.java)
	at br.gov.frameworkdemoiselle.transaction.JPATransaction.getDelegate(JPATransaction.java:72)
	at br.gov.frameworkdemoiselle.transaction.JPATransaction.isActive(JPATransaction.java:128)
	at br.gov.frameworkdemoiselle.transaction.TransactionalInterceptor.initiate(TransactionalInterceptor.java:135)
	at br.gov.frameworkdemoiselle.transaction.TransactionalInterceptor.manage(TransactionalInterceptor.java:114)
	at sun.reflect.NativeMethodAccessorImpl.invoke0(Native Method)
	at sun.reflect.NativeMethodAccessorImpl.invoke(NativeMethodAccessorImpl.java:57)
	at sun.reflect.DelegatingMethodAccessorImpl.invoke(DelegatingMethodAccessorImpl.java:43)
	at java.lang.reflect.Method.invoke(Method.java:601)
	at org.jboss.weld.interceptor.proxy.SimpleMethodInvocation.invoke(SimpleMethodInvocation.java:30)
	at org.jboss.weld.interceptor.proxy.SimpleInterceptionChain.invokeNextInterceptor(SimpleInterceptionChain.java:68)
	at org.jboss.weld.interceptor.proxy.InterceptorMethodHandler.executeInterception(InterceptorMethodHandler.java:112)
	at org.jboss.weld.interceptor.proxy.InterceptorMethodHandler.invoke(InterceptorMethodHandler.java:88)
	at org.jboss.weld.bean.proxy.CombinedInterceptorAndDecoratorStackMethodHandler.invoke(CombinedInterceptorAndDecoratorStackMethodHandler.java:53)
	at br.org.vilicum.business.UsuarioBC$Proxy$_$$_WeldSubclass.load(UsuarioBC$Proxy$_$$_WeldSubclass.java)
	at sun.reflect.NativeMethodAccessorImpl.invoke0(Native Method)
	at sun.reflect.NativeMethodAccessorImpl.invoke(NativeMethodAccessorImpl.java:57)
	at sun.reflect.DelegatingMethodAccessorImpl.invoke(DelegatingMethodAccessorImpl.java:43)
	at java.lang.reflect.Method.invoke(Method.java:601)
	at br.gov.frameworkdemoiselle.internal.implementation.AnnotatedMethodProcessor.process(AnnotatedMethodProcessor.java:91)
	at br.gov.frameworkdemoiselle.internal.bootstrap.AbstractLifecycleBootstrap.proccessEvent(AbstractLifecycleBootstrap.java:133)
	... 32 more
Caused by: java.lang.reflect.InvocationTargetException
	at sun.reflect.NativeMethodAccessorImpl.invoke0(Native Method)
	at sun.reflect.NativeMethodAccessorImpl.invoke(NativeMethodAccessorImpl.java:57)
	at sun.reflect.DelegatingMethodAccessorImpl.invoke(DelegatingMethodAccessorImpl.java:43)
	at java.lang.reflect.Method.invoke(Method.java:601)
	at org.jboss.weld.util.reflection.SecureReflections$13.work(SecureReflections.java:267)
	at org.jboss.weld.util.reflection.SecureReflectionAccess.run(SecureReflectionAccess.java:52)
	at org.jboss.weld.util.reflection.SecureReflectionAccess.runAsInvocation(SecureReflectionAccess.java:137)
	at org.jboss.weld.util.reflection.SecureReflections.invoke(SecureReflections.java:263)
	at org.jboss.weld.introspector.jlr.WeldMethodImpl.invoke(WeldMethodImpl.java:174)
	at org.jboss.weld.bean.AbstractClassBean.defaultPostConstruct(AbstractClassBean.java:398)
	... 60 more
Caused by: javax.persistence.PersistenceException: Exception [EclipseLink-4003] (Eclipse Persistence Services - 2.1.0.v20100614-r7608): org.eclipse.persistence.exceptions.DatabaseException
Exception Description: Configuration error.  Class [com.mysql.jdbc.Driver] not found.
	at org.eclipse.persistence.internal.jpa.EntityManagerSetupImpl.deploy(EntityManagerSetupImpl.java:408)
	at org.eclipse.persistence.internal.jpa.EntityManagerFactoryImpl.getServerSession(EntityManagerFactoryImpl.java:157)
	at org.eclipse.persistence.internal.jpa.EntityManagerFactoryImpl.createEntityManagerImpl(EntityManagerFactoryImpl.java:214)
	at org.eclipse.persistence.internal.jpa.EntityManagerFactoryImpl.createEntityManager(EntityManagerFactoryImpl.java:202)
	at br.gov.frameworkdemoiselle.internal.producer.AbstractEntityManagerStore.getEntityManager(AbstractEntityManagerStore.java:82)
	at br.gov.frameworkdemoiselle.internal.producer.AbstractEntityManagerStore.init(AbstractEntityManagerStore.java:94)
	at br.gov.frameworkdemoiselle.internal.producer.RequestEntityManagerStore.initialize(RequestEntityManagerStore.java:58)
	... 70 more
Caused by: Exception [EclipseLink-4003] (Eclipse Persistence Services - 2.1.0.v20100614-r7608): org.eclipse.persistence.exceptions.DatabaseException
Exception Description: Configuration error.  Class [com.mysql.jdbc.Driver] not found.
	at org.eclipse.persistence.exceptions.DatabaseException.configurationErrorClassNotFound(DatabaseException.java:82)
	at org.eclipse.persistence.sessions.DefaultConnector.loadDriverClass(DefaultConnector.java:267)
	at org.eclipse.persistence.sessions.DefaultConnector.connect(DefaultConnector.java:85)
	at org.eclipse.persistence.sessions.DatasourceLogin.connectToDatasource(DatasourceLogin.java:162)
	at org.eclipse.persistence.internal.sessions.DatabaseSessionImpl.loginAndDetectDatasource(DatabaseSessionImpl.java:579)
	at org.eclipse.persistence.internal.jpa.EntityManagerFactoryProvider.login(EntityManagerFactoryProvider.java:228)
	at org.eclipse.persistence.internal.jpa.EntityManagerSetupImpl.deploy(EntityManagerSetupImpl.java:380)
	... 76 more
Caused by: org.jboss.weld.exceptions.WeldException: WELD-000049 Unable to invoke [method] @PostConstruct public br.gov.frameworkdemoiselle.internal.producer.RequestEntityManagerStore.initialize() on br.gov.frameworkdemoiselle.internal.producer.RequestEntityManagerStore@10236bb
	at org.jboss.weld.bean.AbstractClassBean.defaultPostConstruct(AbstractClassBean.java:400)
	at org.jboss.weld.bean.ManagedBean$ManagedBeanInjectionTarget.postConstruct(ManagedBean.java:174)
	at org.jboss.weld.bean.ManagedBean.create(ManagedBean.java:294)
	at br.gov.frameworkdemoiselle.internal.context.AbstractCustomContext.get(AbstractCustomContext.java:98)
	at org.jboss.weld.bean.proxy.ContextBeanInstance.getInstance(ContextBeanInstance.java:90)
	at org.jboss.weld.bean.proxy.ProxyMethodHandler.invoke(ProxyMethodHandler.java:79)
	at br.gov.frameworkdemoiselle.internal.producer.RequestEntityManagerStore$Proxy$_$$_WeldClientProxy.getCache(RequestEntityManagerStore$Proxy$_$$_WeldClientProxy.java)
	at br.gov.frameworkdemoiselle.internal.producer.EntityManagerProducer.getCache(EntityManagerProducer.java:170)
	at br.gov.frameworkdemoiselle.internal.producer.EntityManagerProducer$Proxy$_$$_WeldClientProxy.getCache(EntityManagerProducer$Proxy$_$$_WeldClientProxy.java)
	at br.gov.frameworkdemoiselle.transaction.JPATransaction.getDelegate(JPATransaction.java:72)
	at br.gov.frameworkdemoiselle.transaction.JPATransaction.isActive(JPATransaction.java:128)
	at br.gov.frameworkdemoiselle.transaction.TransactionalInterceptor.initiate(TransactionalInterceptor.java:135)
	at br.gov.frameworkdemoiselle.transaction.TransactionalInterceptor.manage(TransactionalInterceptor.java:114)
	at sun.reflect.NativeMethodAccessorImpl.invoke0(Native Method)
	at sun.reflect.NativeMethodAccessorImpl.invoke(NativeMethodAccessorImpl.java:57)
	at sun.reflect.DelegatingMethodAccessorImpl.invoke(DelegatingMethodAccessorImpl.java:43)
	at java.lang.reflect.Method.invoke(Method.java:601)
	at org.jboss.weld.interceptor.proxy.SimpleMethodInvocation.invoke(SimpleMethodInvocation.java:30)
	at org.jboss.weld.interceptor.proxy.SimpleInterceptionChain.invokeNextInterceptor(SimpleInterceptionChain.java:68)
	at org.jboss.weld.interceptor.proxy.InterceptorMethodHandler.executeInterception(InterceptorMethodHandler.java:112)
	at org.jboss.weld.interceptor.proxy.InterceptorMethodHandler.invoke(InterceptorMethodHandler.java:88)
	at org.jboss.weld.bean.proxy.CombinedInterceptorAndDecoratorStackMethodHandler.invoke(CombinedInterceptorAndDecoratorStackMethodHandler.java:53)
	at br.org.vilicum.business.UsuarioBC$Proxy$_$$_WeldSubclass.load(UsuarioBC$Proxy$_$$_WeldSubclass.java)
	at sun.reflect.NativeMethodAccessorImpl.invoke0(Native Method)
	at sun.reflect.NativeMethodAccessorImpl.invoke(NativeMethodAccessorImpl.java:57)
	at sun.reflect.DelegatingMethodAccessorImpl.invoke(DelegatingMethodAccessorImpl.java:43)
	at java.lang.reflect.Method.invoke(Method.java:601)
	at br.gov.frameworkdemoiselle.internal.implementation.AnnotatedMethodProcessor.process(AnnotatedMethodProcessor.java:91)
	at br.gov.frameworkdemoiselle.internal.bootstrap.AbstractLifecycleBootstrap.proccessEvent(AbstractLifecycleBootstrap.java:133)
	... 32 more
Caused by: java.lang.reflect.InvocationTargetException
	at sun.reflect.NativeMethodAccessorImpl.invoke0(Native Method)
	at sun.reflect.NativeMethodAccessorImpl.invoke(NativeMethodAccessorImpl.java:57)
	at sun.reflect.DelegatingMethodAccessorImpl.invoke(DelegatingMethodAccessorImpl.java:43)
	at java.lang.reflect.Method.invoke(Method.java:601)
	at org.jboss.weld.util.reflection.SecureReflections$13.work(SecureReflections.java:267)
	at org.jboss.weld.util.reflection.SecureReflectionAccess.run(SecureReflectionAccess.java:52)
	at org.jboss.weld.util.reflection.SecureReflectionAccess.runAsInvocation(SecureReflectionAccess.java:137)
	at org.jboss.weld.util.reflection.SecureReflections.invoke(SecureReflections.java:263)
	at org.jboss.weld.introspector.jlr.WeldMethodImpl.invoke(WeldMethodImpl.java:174)
	at org.jboss.weld.bean.AbstractClassBean.defaultPostConstruct(AbstractClassBean.java:398)
	... 60 more
Caused by: javax.persistence.PersistenceException: Exception [EclipseLink-4003] (Eclipse Persistence Services - 2.1.0.v20100614-r7608): org.eclipse.persistence.exceptions.DatabaseException
Exception Description: Configuration error.  Class [com.mysql.jdbc.Driver] not found.
	at org.eclipse.persistence.internal.jpa.EntityManagerSetupImpl.deploy(EntityManagerSetupImpl.java:408)
	at org.eclipse.persistence.internal.jpa.EntityManagerFactoryImpl.getServerSession(EntityManagerFactoryImpl.java:157)
	at org.eclipse.persistence.internal.jpa.EntityManagerFactoryImpl.createEntityManagerImpl(EntityManagerFactoryImpl.java:214)
	at org.eclipse.persistence.internal.jpa.EntityManagerFactoryImpl.createEntityManager(EntityManagerFactoryImpl.java:202)
	at br.gov.frameworkdemoiselle.internal.producer.AbstractEntityManagerStore.getEntityManager(AbstractEntityManagerStore.java:82)
	at br.gov.frameworkdemoiselle.internal.producer.AbstractEntityManagerStore.init(AbstractEntityManagerStore.java:94)
	at br.gov.frameworkdemoiselle.internal.producer.RequestEntityManagerStore.initialize(RequestEntityManagerStore.java:58)
	... 70 more
Caused by: Exception [EclipseLink-4003] (Eclipse Persistence Services - 2.1.0.v20100614-r7608): org.eclipse.persistence.exceptions.DatabaseException
Exception Description: Configuration error.  Class [com.mysql.jdbc.Driver] not found.
	at org.eclipse.persistence.exceptions.DatabaseException.configurationErrorClassNotFound(DatabaseException.java:82)
	at org.eclipse.persistence.sessions.DefaultConnector.loadDriverClass(DefaultConnector.java:267)
	at org.eclipse.persistence.sessions.DefaultConnector.connect(DefaultConnector.java:85)
	at org.eclipse.persistence.sessions.DatasourceLogin.connectToDatasource(DatasourceLogin.java:162)
	at org.eclipse.persistence.internal.sessions.DatabaseSessionImpl.loginAndDetectDatasource(DatabaseSessionImpl.java:579)
	at org.eclipse.persistence.internal.jpa.EntityManagerFactoryProvider.login(EntityManagerFactoryProvider.java:228)
	at org.eclipse.persistence.internal.jpa.EntityManagerSetupImpl.deploy(EntityManagerSetupImpl.java:380)
	... 76 more
</error>
    <system-out>0    INFO  org.jboss.weld.Version - WELD-000900 1.1.8 (Final)
474  INFO  org.jboss.weld.Bootstrap - WELD-000101 Transactional services not available. Injection of @Inject UserTransaction not available. Transactional observers will be invoked synchronously.
1283 INFO  br.gov.frameworkdemoiselle.internal.bootstrap.CoreBootstrap - Ligando os motores do Demoiselle 2.4.0
1286 INFO  br.gov.frameworkdemoiselle.internal.bootstrap.CoreBootstrap - BeanManager disponível através do utilitário br.gov.frameworkdemoiselle.util.Beans
3991 WARN  org.jboss.weld.interceptor.util.InterceptionTypeRegistry - Class &apos;javax.ejb.PostActivate&apos; not found, interception based on it is not enabled
3991 WARN  org.jboss.weld.interceptor.util.InterceptionTypeRegistry - Class &apos;javax.ejb.PrePassivate&apos; not found, interception based on it is not enabled
4198 WARN  org.jboss.weld.Reflection - Method getDelegate defined on class br.gov.frameworkdemoiselle.internal.proxy.FacesContextProxy will not be used for interception, since it is not defined according to the specification. It is annotated with @javax.annotation.PostConstruct, but does not have a void return type
4939 INFO  br.gov.frameworkdemoiselle.internal.bootstrap.CoreBootstrap - O Demoiselle 2.4.0 decolou
4951 INFO  br.gov.frameworkdemoiselle.internal.implementation.AnnotatedMethodProcessor - Processando: public void br.org.vilicum.business.AlertaBC.load()
5165 INFO  org.hibernate.validator.util.Version - Hibernate Validator 4.2.0.Final
[EL Config]: 2014-06-01 17:29:28.044--ServerSession(13871446)--Thread(Thread[main,5,main])--The access type for the persistent class [class br.org.vilicum.domain.Congregacao] is set to [FIELD].
[EL Config]: 2014-06-01 17:29:28.156--ServerSession(13871446)--Thread(Thread[main,5,main])--The target entity (reference) class for the one to many mapping element [field pastores] is being defaulted to: class br.org.vilicum.domain.CongregacaoPastor.
[EL Config]: 2014-06-01 17:29:28.159--ServerSession(13871446)--Thread(Thread[main,5,main])--The access type for the persistent class [class br.org.vilicum.domain.Culto] is set to [FIELD].
[EL Config]: 2014-06-01 17:29:28.164--ServerSession(13871446)--Thread(Thread[main,5,main])--The target entity (reference) class for the many to many mapping element [field santaceia] is being defaulted to: class br.org.vilicum.domain.Membro.
[EL Config]: 2014-06-01 17:29:28.173--ServerSession(13871446)--Thread(Thread[main,5,main])--The target entity (reference) class for the many to one mapping element [field congregacao] is being defaulted to: class br.org.vilicum.domain.Congregacao.
[EL Config]: 2014-06-01 17:29:28.174--ServerSession(13871446)--Thread(Thread[main,5,main])--The target entity (reference) class for the many to one mapping element [field pastor] is being defaulted to: class br.org.vilicum.domain.Pastor.
[EL Config]: 2014-06-01 17:29:28.174--ServerSession(13871446)--Thread(Thread[main,5,main])--The access type for the persistent class [class br.org.vilicum.domain.Usuario] is set to [FIELD].
[EL Config]: 2014-06-01 17:29:28.175--ServerSession(13871446)--Thread(Thread[main,5,main])--The target entity (reference) class for the many to one mapping element [field congregacao] is being defaulted to: class br.org.vilicum.domain.Congregacao.
[EL Config]: 2014-06-01 17:29:28.177--ServerSession(13871446)--Thread(Thread[main,5,main])--The target entity (reference) class for the many to many mapping element [field perfis] is being defaulted to: class br.org.vilicum.domain.Perfil.
[EL Config]: 2014-06-01 17:29:28.177--ServerSession(13871446)--Thread(Thread[main,5,main])--The access type for the persistent class [class br.org.vilicum.domain.Familia] is set to [FIELD].
[EL Config]: 2014-06-01 17:29:28.178--ServerSession(13871446)--Thread(Thread[main,5,main])--The target entity (reference) class for the many to one mapping element [field congregacao] is being defaulted to: class br.org.vilicum.domain.Congregacao.
[EL Config]: 2014-06-01 17:29:28.179--ServerSession(13871446)--Thread(Thread[main,5,main])--The target entity (reference) class for the one to many mapping element [field membros] is being defaulted to: class br.org.vilicum.domain.Membro.
[EL Config]: 2014-06-01 17:29:28.181--ServerSession(13871446)--Thread(Thread[main,5,main])--The access type for the persistent class [class br.org.vilicum.domain.Membro] is set to [FIELD].
[EL Config]: 2014-06-01 17:29:28.181--ServerSession(13871446)--Thread(Thread[main,5,main])--The target entity (reference) class for the many to one mapping element [field congregacao] is being defaulted to: class br.org.vilicum.domain.Congregacao.
[EL Config]: 2014-06-01 17:29:28.185--ServerSession(13871446)--Thread(Thread[main,5,main])--The target entity (reference) class for the many to one mapping element [field familia] is being defaulted to: class br.org.vilicum.domain.Familia.
[EL Config]: 2014-06-01 17:29:28.186--ServerSession(13871446)--Thread(Thread[main,5,main])--The target entity (reference) class for the many to one mapping element [field formaIngresso] is being defaulted to: class br.org.vilicum.domain.Ingresso.
[EL Config]: 2014-06-01 17:29:28.187--ServerSession(13871446)--Thread(Thread[main,5,main])--The access type for the persistent class [class br.org.vilicum.domain.CongregacaoPastor] is set to [FIELD].
[EL Config]: 2014-06-01 17:29:28.187--ServerSession(13871446)--Thread(Thread[main,5,main])--The target entity (reference) class for the many to one mapping element [field congregacao] is being defaulted to: class br.org.vilicum.domain.Congregacao.
[EL Config]: 2014-06-01 17:29:28.188--ServerSession(13871446)--Thread(Thread[main,5,main])--The target entity (reference) class for the many to one mapping element [field pastor] is being defaulted to: class br.org.vilicum.domain.Pastor.
[EL Config]: 2014-06-01 17:29:28.189--ServerSession(13871446)--Thread(Thread[main,5,main])--The access type for the persistent class [class br.org.vilicum.domain.Alerta] is set to [FIELD].
[EL Config]: 2014-06-01 17:29:28.189--ServerSession(13871446)--Thread(Thread[main,5,main])--The target entity (reference) class for the many to one mapping element [field congregacao] is being defaulted to: class br.org.vilicum.domain.Congregacao.
[EL Config]: 2014-06-01 17:29:28.19--ServerSession(13871446)--Thread(Thread[main,5,main])--The target entity (reference) class for the many to one mapping element [field executor] is being defaulted to: class br.org.vilicum.domain.Usuario.
[EL Config]: 2014-06-01 17:29:28.191--ServerSession(13871446)--Thread(Thread[main,5,main])--The access type for the persistent class [class br.org.vilicum.domain.Departamento] is set to [FIELD].
[EL Config]: 2014-06-01 17:29:28.191--ServerSession(13871446)--Thread(Thread[main,5,main])--The target entity (reference) class for the many to one mapping element [field congregacao] is being defaulted to: class br.org.vilicum.domain.Congregacao.
[EL Config]: 2014-06-01 17:29:28.192--ServerSession(13871446)--Thread(Thread[main,5,main])--The access type for the persistent class [class br.org.vilicum.domain.Bookmark] is set to [FIELD].
[EL Config]: 2014-06-01 17:29:28.193--ServerSession(13871446)--Thread(Thread[main,5,main])--The access type for the persistent class [class br.org.vilicum.domain.Pastor] is set to [FIELD].
[EL Config]: 2014-06-01 17:29:28.193--ServerSession(13871446)--Thread(Thread[main,5,main])--The target entity (reference) class for the one to many mapping element [field congregacoes] is being defaulted to: class br.org.vilicum.domain.CongregacaoPastor.
[EL Config]: 2014-06-01 17:29:28.194--ServerSession(13871446)--Thread(Thread[main,5,main])--The access type for the persistent class [class br.org.vilicum.domain.Ingresso] is set to [FIELD].
[EL Config]: 2014-06-01 17:29:28.194--ServerSession(13871446)--Thread(Thread[main,5,main])--The access type for the persistent class [class br.org.vilicum.domain.Perfil] is set to [FIELD].
[EL Config]: 2014-06-01 17:29:28.195--ServerSession(13871446)--Thread(Thread[main,5,main])--The alias name for the entity class [class br.org.vilicum.domain.Congregacao] is being defaulted to: Congregacao.
[EL Config]: 2014-06-01 17:29:28.197--ServerSession(13871446)--Thread(Thread[main,5,main])--The table name for entity [class br.org.vilicum.domain.Congregacao] is being defaulted to: CONGREGACAO.
[EL Config]: 2014-06-01 17:29:28.232--ServerSession(13871446)--Thread(Thread[main,5,main])--The column name for element [field site] is being defaulted to: SITE.
[EL Config]: 2014-06-01 17:29:28.238--ServerSession(13871446)--Thread(Thread[main,5,main])--The column name for element [field alteracao] is being defaulted to: ALTERACAO.
[EL Config]: 2014-06-01 17:29:28.241--ServerSession(13871446)--Thread(Thread[main,5,main])--The column name for element [field cidade] is being defaulted to: CIDADE.
[EL Config]: 2014-06-01 17:29:28.241--ServerSession(13871446)--Thread(Thread[main,5,main])--The column name for element [field bairro] is being defaulted to: BAIRRO.
[EL Config]: 2014-06-01 17:29:28.242--ServerSession(13871446)--Thread(Thread[main,5,main])--The column name for element [field idCon] is being defaulted to: IDCON.
[EL Config]: 2014-06-01 17:29:28.243--ServerSession(13871446)--Thread(Thread[main,5,main])--The column name for element [field email] is being defaulted to: EMAIL.
[EL Config]: 2014-06-01 17:29:28.243--ServerSession(13871446)--Thread(Thread[main,5,main])--The column name for element [field cadastro] is being defaulted to: CADASTRO.
[EL Config]: 2014-06-01 17:29:28.244--ServerSession(13871446)--Thread(Thread[main,5,main])--The column name for element [field historico] is being defaulted to: HISTORICO.
[EL Config]: 2014-06-01 17:29:28.244--ServerSession(13871446)--Thread(Thread[main,5,main])--The column name for element [field nome] is being defaulted to: NOME.
[EL Config]: 2014-06-01 17:29:28.245--ServerSession(13871446)--Thread(Thread[main,5,main])--The column name for element [field fundacao] is being defaulted to: FUNDACAO.
[EL Config]: 2014-06-01 17:29:28.245--ServerSession(13871446)--Thread(Thread[main,5,main])--The column name for element [field lema] is being defaulted to: LEMA.
[EL Config]: 2014-06-01 17:29:28.245--ServerSession(13871446)--Thread(Thread[main,5,main])--The column name for element [field exclusao] is being defaulted to: EXCLUSAO.
[EL Config]: 2014-06-01 17:29:28.247--ServerSession(13871446)--Thread(Thread[main,5,main])--The alias name for the entity class [class br.org.vilicum.domain.Culto] is being defaulted to: Culto.
[EL Config]: 2014-06-01 17:29:28.247--ServerSession(13871446)--Thread(Thread[main,5,main])--The table name for entity [class br.org.vilicum.domain.Culto] is being defaulted to: CULTO.
[EL Config]: 2014-06-01 17:29:28.248--ServerSession(13871446)--Thread(Thread[main,5,main])--The column name for element [field diacono] is being defaulted to: DIACONO.
[EL Config]: 2014-06-01 17:29:28.249--ServerSession(13871446)--Thread(Thread[main,5,main])--The column name for element [field programa] is being defaulted to: PROGRAMA.
[EL Config]: 2014-06-01 17:29:28.249--ServerSession(13871446)--Thread(Thread[main,5,main])--The column name for element [field adultos] is being defaulted to: ADULTOS.
[EL Config]: 2014-06-01 17:29:28.249--ServerSession(13871446)--Thread(Thread[main,5,main])--The column name for element [field criancas] is being defaulted to: CRIANCAS.
[EL Config]: 2014-06-01 17:29:28.25--ServerSession(13871446)--Thread(Thread[main,5,main])--The column name for element [field nomeDiacono] is being defaulted to: NOMEDIACONO.
[EL Config]: 2014-06-01 17:29:28.25--ServerSession(13871446)--Thread(Thread[main,5,main])--The column name for element [field idCulto] is being defaulted to: IDCULTO.
[EL Config]: 2014-06-01 17:29:28.251--ServerSession(13871446)--Thread(Thread[main,5,main])--The column name for element [field participantes] is being defaulted to: PARTICIPANTES.
[EL Config]: 2014-06-01 17:29:28.252--ServerSession(13871446)--Thread(Thread[main,5,main])--The column name for element [field data] is being defaulted to: DATA.
[EL Config]: 2014-06-01 17:29:28.252--ServerSession(13871446)--Thread(Thread[main,5,main])--The column name for element [field visitantes] is being defaulted to: VISITANTES.
[EL Config]: 2014-06-01 17:29:28.253--ServerSession(13871446)--Thread(Thread[main,5,main])--The alias name for the entity class [class br.org.vilicum.domain.Usuario] is being defaulted to: Usuario.
[EL Config]: 2014-06-01 17:29:28.253--ServerSession(13871446)--Thread(Thread[main,5,main])--The table name for entity [class br.org.vilicum.domain.Usuario] is being defaulted to: USUARIO.
[EL Config]: 2014-06-01 17:29:28.254--ServerSession(13871446)--Thread(Thread[main,5,main])--The column name for element [field id] is being defaulted to: ID.
[EL Config]: 2014-06-01 17:29:28.255--ServerSession(13871446)--Thread(Thread[main,5,main])--The column name for element [field alteracao] is being defaulted to: ALTERACAO.
[EL Config]: 2014-06-01 17:29:28.256--ServerSession(13871446)--Thread(Thread[main,5,main])--The column name for element [field email] is being defaulted to: EMAIL.
[EL Config]: 2014-06-01 17:29:28.256--ServerSession(13871446)--Thread(Thread[main,5,main])--The column name for element [field ultimoAcesso] is being defaulted to: ULTIMOACESSO.
[EL Config]: 2014-06-01 17:29:28.257--ServerSession(13871446)--Thread(Thread[main,5,main])--The column name for element [field nome] is being defaulted to: NOME.
[EL Config]: 2014-06-01 17:29:28.257--ServerSession(13871446)--Thread(Thread[main,5,main])--The column name for element [field inclusao] is being defaulted to: INCLUSAO.
[EL Config]: 2014-06-01 17:29:28.258--ServerSession(13871446)--Thread(Thread[main,5,main])--The column name for element [field password] is being defaulted to: PASSWORD.
[EL Config]: 2014-06-01 17:29:28.258--ServerSession(13871446)--Thread(Thread[main,5,main])--The column name for element [field exclusao] is being defaulted to: EXCLUSAO.
[EL Config]: 2014-06-01 17:29:28.258--ServerSession(13871446)--Thread(Thread[main,5,main])--The alias name for the entity class [class br.org.vilicum.domain.Familia] is being defaulted to: Familia.
[EL Config]: 2014-06-01 17:29:28.259--ServerSession(13871446)--Thread(Thread[main,5,main])--The table name for entity [class br.org.vilicum.domain.Familia] is being defaulted to: FAMILIA.
[EL Config]: 2014-06-01 17:29:28.26--ServerSession(13871446)--Thread(Thread[main,5,main])--The column name for element [field alteracao] is being defaulted to: ALTERACAO.
[EL Config]: 2014-06-01 17:29:28.26--ServerSession(13871446)--Thread(Thread[main,5,main])--The column name for element [field cidade] is being defaulted to: CIDADE.
[EL Config]: 2014-06-01 17:29:28.261--ServerSession(13871446)--Thread(Thread[main,5,main])--The column name for element [field bairro] is being defaulted to: BAIRRO.
[EL Config]: 2014-06-01 17:29:28.261--ServerSession(13871446)--Thread(Thread[main,5,main])--The column name for element [field foneFixo] is being defaulted to: FONEFIXO.
[EL Config]: 2014-06-01 17:29:28.262--ServerSession(13871446)--Thread(Thread[main,5,main])--The column name for element [field estado] is being defaulted to: ESTADO.
[EL Config]: 2014-06-01 17:29:28.267--ServerSession(13871446)--Thread(Thread[main,5,main])--The column name for element [field cep] is being defaulted to: CEP.
[EL Config]: 2014-06-01 17:29:28.268--ServerSession(13871446)--Thread(Thread[main,5,main])--The column name for element [field complemento] is being defaulted to: COMPLEMENTO.
[EL Config]: 2014-06-01 17:29:28.268--ServerSession(13871446)--Thread(Thread[main,5,main])--The column name for element [field nro] is being defaulted to: NRO.
[EL Config]: 2014-06-01 17:29:28.269--ServerSession(13871446)--Thread(Thread[main,5,main])--The column name for element [field cadastro] is being defaulted to: CADASTRO.
[EL Config]: 2014-06-01 17:29:28.269--ServerSession(13871446)--Thread(Thread[main,5,main])--The column name for element [field rua] is being defaulted to: RUA.
[EL Config]: 2014-06-01 17:29:28.27--ServerSession(13871446)--Thread(Thread[main,5,main])--The column name for element [field nome] is being defaulted to: NOME.
[EL Config]: 2014-06-01 17:29:28.27--ServerSession(13871446)--Thread(Thread[main,5,main])--The column name for element [field exclusao] is being defaulted to: EXCLUSAO.
[EL Config]: 2014-06-01 17:29:28.27--ServerSession(13871446)--Thread(Thread[main,5,main])--The column name for element [field idFam] is being defaulted to: IDFAM.
[EL Config]: 2014-06-01 17:29:28.271--ServerSession(13871446)--Thread(Thread[main,5,main])--The alias name for the entity class [class br.org.vilicum.domain.Membro] is being defaulted to: Membro.
[EL Config]: 2014-06-01 17:29:28.271--ServerSession(13871446)--Thread(Thread[main,5,main])--The table name for entity [class br.org.vilicum.domain.Membro] is being defaulted to: MEMBRO.
[EL Config]: 2014-06-01 17:29:28.272--ServerSession(13871446)--Thread(Thread[main,5,main])--The column name for element [field excluir] is being defaulted to: EXCLUIR.
[EL Config]: 2014-06-01 17:29:28.272--ServerSession(13871446)--Thread(Thread[main,5,main])--The column name for element [field estadoCivil] is being defaulted to: ESTADOCIVIL.
[EL Config]: 2014-06-01 17:29:28.275--ServerSession(13871446)--Thread(Thread[main,5,main])--The column name for element [field dataCasamento] is being defaulted to: DATACASAMENTO.
[EL Config]: 2014-06-01 17:29:28.276--ServerSession(13871446)--Thread(Thread[main,5,main])--The column name for element [field sexo] is being defaulted to: SEXO.
[EL Config]: 2014-06-01 17:29:28.277--ServerSession(13871446)--Thread(Thread[main,5,main])--The column name for element [field localNascimento] is being defaulted to: LOCALNASCIMENTO.
[EL Config]: 2014-06-01 17:29:28.277--ServerSession(13871446)--Thread(Thread[main,5,main])--The column name for element [field localBatismo] is being defaulted to: LOCALBATISMO.
[EL Config]: 2014-06-01 17:29:28.278--ServerSession(13871446)--Thread(Thread[main,5,main])--The column name for element [field responsavelFamilia] is being defaulted to: RESPONSAVELFAMILIA.
[EL Config]: 2014-06-01 17:29:28.278--ServerSession(13871446)--Thread(Thread[main,5,main])--The column name for element [field observacoes] is being defaulted to: OBSERVACOES.
[EL Config]: 2014-06-01 17:29:28.279--ServerSession(13871446)--Thread(Thread[main,5,main])--The column name for element [field localCasamento] is being defaulted to: LOCALCASAMENTO.
[EL Config]: 2014-06-01 17:29:28.28--ServerSession(13871446)--Thread(Thread[main,5,main])--The column name for element [field dataEntrada] is being defaulted to: DATAENTRADA.
[EL Config]: 2014-06-01 17:29:28.28--ServerSession(13871446)--Thread(Thread[main,5,main])--The column name for element [field motivoInativo] is being defaulted to: MOTIVOINATIVO.
[EL Config]: 2014-06-01 17:29:28.281--ServerSession(13871446)--Thread(Thread[main,5,main])--The column name for element [field alteracao] is being defaulted to: ALTERACAO.
[EL Config]: 2014-06-01 17:29:28.282--ServerSession(13871446)--Thread(Thread[main,5,main])--The column name for element [field idMembro] is being defaulted to: IDMEMBRO.
[EL Config]: 2014-06-01 17:29:28.282--ServerSession(13871446)--Thread(Thread[main,5,main])--The column name for element [field dataBatismo] is being defaulted to: DATABATISMO.
[EL Config]: 2014-06-01 17:29:28.283--ServerSession(13871446)--Thread(Thread[main,5,main])--The column name for element [field recadastro] is being defaulted to: RECADASTRO.
[EL Config]: 2014-06-01 17:29:28.285--ServerSession(13871446)--Thread(Thread[main,5,main])--The column name for element [field email] is being defaulted to: EMAIL.
[EL Config]: 2014-06-01 17:29:28.285--ServerSession(13871446)--Thread(Thread[main,5,main])--The column name for element [field cadastro] is being defaulted to: CADASTRO.
[EL Config]: 2014-06-01 17:29:28.286--ServerSession(13871446)--Thread(Thread[main,5,main])--The column name for element [field dataSaida] is being defaulted to: DATASAIDA.
[EL Config]: 2014-06-01 17:29:28.286--ServerSession(13871446)--Thread(Thread[main,5,main])--The column name for element [field nome] is being defaulted to: NOME.
[EL Config]: 2014-06-01 17:29:28.287--ServerSession(13871446)--Thread(Thread[main,5,main])--The column name for element [field profissao] is being defaulted to: PROFISSAO.
[EL Config]: 2014-06-01 17:29:28.288--ServerSession(13871446)--Thread(Thread[main,5,main])--The column name for element [field nascimento] is being defaulted to: NASCIMENTO.
[EL Config]: 2014-06-01 17:29:28.288--ServerSession(13871446)--Thread(Thread[main,5,main])--The column name for element [field comungante] is being defaulted to: COMUNGANTE.
[EL Config]: 2014-06-01 17:29:28.289--ServerSession(13871446)--Thread(Thread[main,5,main])--The column name for element [field celular] is being defaulted to: CELULAR.
[EL Config]: 2014-06-01 17:29:28.289--ServerSession(13871446)--Thread(Thread[main,5,main])--The alias name for the entity class [class br.org.vilicum.domain.CongregacaoPastor] is being defaulted to: CongregacaoPastor.
[EL Config]: 2014-06-01 17:29:28.29--ServerSession(13871446)--Thread(Thread[main,5,main])--The table name for entity [class br.org.vilicum.domain.CongregacaoPastor] is being defaulted to: CONGREGACAOPASTOR.
[EL Config]: 2014-06-01 17:29:28.29--ServerSession(13871446)--Thread(Thread[main,5,main])--The column name for element [field idCp] is being defaulted to: IDCP.
[EL Config]: 2014-06-01 17:29:28.291--ServerSession(13871446)--Thread(Thread[main,5,main])--The column name for element [field saida] is being defaulted to: SAIDA.
[EL Config]: 2014-06-01 17:29:28.292--ServerSession(13871446)--Thread(Thread[main,5,main])--The column name for element [field entrada] is being defaulted to: ENTRADA.
[EL Config]: 2014-06-01 17:29:28.293--ServerSession(13871446)--Thread(Thread[main,5,main])--The alias name for the entity class [class br.org.vilicum.domain.Alerta] is being defaulted to: Alerta.
[EL Config]: 2014-06-01 17:29:28.293--ServerSession(13871446)--Thread(Thread[main,5,main])--The table name for entity [class br.org.vilicum.domain.Alerta] is being defaulted to: ALERTA.
[EL Config]: 2014-06-01 17:29:28.294--ServerSession(13871446)--Thread(Thread[main,5,main])--The column name for element [field validade] is being defaulted to: VALIDADE.
[EL Config]: 2014-06-01 17:29:28.295--ServerSession(13871446)--Thread(Thread[main,5,main])--The column name for element [field texto] is being defaulted to: TEXTO.
[EL Config]: 2014-06-01 17:29:28.295--ServerSession(13871446)--Thread(Thread[main,5,main])--The column name for element [field cadastro] is being defaulted to: CADASTRO.
[EL Config]: 2014-06-01 17:29:28.296--ServerSession(13871446)--Thread(Thread[main,5,main])--The column name for element [field idAlerta] is being defaulted to: IDALERTA.
[EL Config]: 2014-06-01 17:29:28.296--ServerSession(13871446)--Thread(Thread[main,5,main])--The column name for element [field execucao] is being defaulted to: EXECUCAO.
[EL Config]: 2014-06-01 17:29:28.296--ServerSession(13871446)--Thread(Thread[main,5,main])--The alias name for the entity class [class br.org.vilicum.domain.Departamento] is being defaulted to: Departamento.
[EL Config]: 2014-06-01 17:29:28.297--ServerSession(13871446)--Thread(Thread[main,5,main])--The table name for entity [class br.org.vilicum.domain.Departamento] is being defaulted to: DEPARTAMENTO.
[EL Config]: 2014-06-01 17:29:28.297--ServerSession(13871446)--Thread(Thread[main,5,main])--The column name for element [field idDep] is being defaulted to: IDDEP.
[EL Config]: 2014-06-01 17:29:28.298--ServerSession(13871446)--Thread(Thread[main,5,main])--The column name for element [field inicio] is being defaulted to: INICIO.
[EL Config]: 2014-06-01 17:29:28.298--ServerSession(13871446)--Thread(Thread[main,5,main])--The column name for element [field termino] is being defaulted to: TERMINO.
[EL Config]: 2014-06-01 17:29:28.299--ServerSession(13871446)--Thread(Thread[main,5,main])--The column name for element [field nome] is being defaulted to: NOME.
[EL Config]: 2014-06-01 17:29:28.299--ServerSession(13871446)--Thread(Thread[main,5,main])--The alias name for the entity class [class br.org.vilicum.domain.Bookmark] is being defaulted to: Bookmark.
[EL Config]: 2014-06-01 17:29:28.3--ServerSession(13871446)--Thread(Thread[main,5,main])--The table name for entity [class br.org.vilicum.domain.Bookmark] is being defaulted to: BOOKMARK.
[EL Config]: 2014-06-01 17:29:28.3--ServerSession(13871446)--Thread(Thread[main,5,main])--The column name for element [field id] is being defaulted to: ID.
[EL Config]: 2014-06-01 17:29:28.301--ServerSession(13871446)--Thread(Thread[main,5,main])--The column name for element [field description] is being defaulted to: DESCRIPTION.
[EL Config]: 2014-06-01 17:29:28.301--ServerSession(13871446)--Thread(Thread[main,5,main])--The column name for element [field link] is being defaulted to: LINK.
[EL Config]: 2014-06-01 17:29:28.302--ServerSession(13871446)--Thread(Thread[main,5,main])--The alias name for the entity class [class br.org.vilicum.domain.Pastor] is being defaulted to: Pastor.
[EL Config]: 2014-06-01 17:29:28.303--ServerSession(13871446)--Thread(Thread[main,5,main])--The table name for entity [class br.org.vilicum.domain.Pastor] is being defaulted to: PASTOR.
[EL Config]: 2014-06-01 17:29:28.303--ServerSession(13871446)--Thread(Thread[main,5,main])--The column name for element [field idPastor] is being defaulted to: IDPASTOR.
[EL Config]: 2014-06-01 17:29:28.304--ServerSession(13871446)--Thread(Thread[main,5,main])--The column name for element [field email] is being defaulted to: EMAIL.
[EL Config]: 2014-06-01 17:29:28.305--ServerSession(13871446)--Thread(Thread[main,5,main])--The column name for element [field cadastro] is being defaulted to: CADASTRO.
[EL Config]: 2014-06-01 17:29:28.312--ServerSession(13871446)--Thread(Thread[main,5,main])--The column name for element [field anoFormacao] is being defaulted to: ANOFORMACAO.
[EL Config]: 2014-06-01 17:29:28.313--ServerSession(13871446)--Thread(Thread[main,5,main])--The column name for element [field nomeEsposa] is being defaulted to: NOMEESPOSA.
[EL Config]: 2014-06-01 17:29:28.314--ServerSession(13871446)--Thread(Thread[main,5,main])--The column name for element [field nome] is being defaulted to: NOME.
[EL Config]: 2014-06-01 17:29:28.315--ServerSession(13871446)--Thread(Thread[main,5,main])--The column name for element [field nascimento] is being defaulted to: NASCIMENTO.
[EL Config]: 2014-06-01 17:29:28.315--ServerSession(13871446)--Thread(Thread[main,5,main])--The column name for element [field exclusao] is being defaulted to: EXCLUSAO.
[EL Config]: 2014-06-01 17:29:28.316--ServerSession(13871446)--Thread(Thread[main,5,main])--The alias name for the entity class [class br.org.vilicum.domain.Ingresso] is being defaulted to: Ingresso.
[EL Config]: 2014-06-01 17:29:28.316--ServerSession(13871446)--Thread(Thread[main,5,main])--The table name for entity [class br.org.vilicum.domain.Ingresso] is being defaulted to: INGRESSO.
[EL Config]: 2014-06-01 17:29:28.318--ServerSession(13871446)--Thread(Thread[main,5,main])--The column name for element [field alteracao] is being defaulted to: ALTERACAO.
[EL Config]: 2014-06-01 17:29:28.318--ServerSession(13871446)--Thread(Thread[main,5,main])--The column name for element [field cadastro] is being defaulted to: CADASTRO.
[EL Config]: 2014-06-01 17:29:28.319--ServerSession(13871446)--Thread(Thread[main,5,main])--The column name for element [field idIngresso] is being defaulted to: IDINGRESSO.
[EL Config]: 2014-06-01 17:29:28.32--ServerSession(13871446)--Thread(Thread[main,5,main])--The column name for element [field exclusao] is being defaulted to: EXCLUSAO.
[EL Config]: 2014-06-01 17:29:28.32--ServerSession(13871446)--Thread(Thread[main,5,main])--The column name for element [field forma] is being defaulted to: FORMA.
[EL Config]: 2014-06-01 17:29:28.32--ServerSession(13871446)--Thread(Thread[main,5,main])--The alias name for the entity class [class br.org.vilicum.domain.Perfil] is being defaulted to: Perfil.
[EL Config]: 2014-06-01 17:29:28.321--ServerSession(13871446)--Thread(Thread[main,5,main])--The table name for entity [class br.org.vilicum.domain.Perfil] is being defaulted to: PERFIL.
[EL Config]: 2014-06-01 17:29:28.321--ServerSession(13871446)--Thread(Thread[main,5,main])--The column name for element [field id] is being defaulted to: ID.
[EL Config]: 2014-06-01 17:29:28.322--ServerSession(13871446)--Thread(Thread[main,5,main])--The column name for element [field nome] is being defaulted to: NOME.
[EL Config]: 2014-06-01 17:29:28.375--ServerSession(13871446)--Thread(Thread[main,5,main])--The primary key column name for the mapping element [field congregacao] is being defaulted to: IDCON.
[EL Config]: 2014-06-01 17:29:28.375--ServerSession(13871446)--Thread(Thread[main,5,main])--The primary key column name for the mapping element [field familia] is being defaulted to: IDFAM.
[EL Config]: 2014-06-01 17:29:28.417--ServerSession(13871446)--Thread(Thread[main,5,main])--The primary key column name for the mapping element [field congregacao] is being defaulted to: IDCON.
[EL Config]: 2014-06-01 17:29:28.417--ServerSession(13871446)--Thread(Thread[main,5,main])--The primary key column name for the mapping element [field congregacao] is being defaulted to: IDCON.
[EL Config]: 2014-06-01 17:29:28.432--ServerSession(13871446)--Thread(Thread[main,5,main])--The source primary key column name for the many to many mapping [field santaceia] is being defaulted to: IDCULTO.
[EL Config]: 2014-06-01 17:29:28.432--ServerSession(13871446)--Thread(Thread[main,5,main])--The target primary key column name for the many to many mapping [field santaceia] is being defaulted to: IDMEMBRO.
[EL Config]: 2014-06-01 17:29:28.433--ServerSession(13871446)--Thread(Thread[main,5,main])--The primary key column name for the mapping element [field formaIngresso] is being defaulted to: IDINGRESSO.
[EL Config]: 2014-06-01 17:29:28.433--ServerSession(13871446)--Thread(Thread[main,5,main])--The foreign key column name for the mapping element [field formaIngresso] is being defaulted to: FORMAINGRESSO_IDINGRESSO.
[EL Config]: 2014-06-01 17:29:28.434--ServerSession(13871446)--Thread(Thread[main,5,main])--The primary key column name for the mapping element [field congregacao] is being defaulted to: IDCON.
[EL Config]: 2014-06-01 17:29:28.434--ServerSession(13871446)--Thread(Thread[main,5,main])--The source primary key column name for the many to many mapping [field perfis] is being defaulted to: ID.
[EL Config]: 2014-06-01 17:29:28.435--ServerSession(13871446)--Thread(Thread[main,5,main])--The target primary key column name for the many to many mapping [field perfis] is being defaulted to: ID.
[EL Config]: 2014-06-01 17:29:28.435--ServerSession(13871446)--Thread(Thread[main,5,main])--The primary key column name for the mapping element [field congregacao] is being defaulted to: IDCON.
[EL Config]: 2014-06-01 17:29:28.436--ServerSession(13871446)--Thread(Thread[main,5,main])--The foreign key column name for the mapping element [field congregacao] is being defaulted to: CONGREGACAO_IDCON.
[EL Config]: 2014-06-01 17:29:28.436--ServerSession(13871446)--Thread(Thread[main,5,main])--The primary key column name for the mapping element [field congregacao] is being defaulted to: IDCON.
[EL Config]: 2014-06-01 17:29:28.437--ServerSession(13871446)--Thread(Thread[main,5,main])--The primary key column name for the mapping element [field executor] is being defaulted to: ID.
[EL Config]: 2014-06-01 17:29:28.437--ServerSession(13871446)--Thread(Thread[main,5,main])--The primary key column name for the mapping element [field pastor] is being defaulted to: IDPASTOR.
[EL Config]: 2014-06-01 17:29:28.438--ServerSession(13871446)--Thread(Thread[main,5,main])--The primary key column name for the mapping element [field congregacao] is being defaulted to: IDCON.
[EL Config]: 2014-06-01 17:29:28.438--ServerSession(13871446)--Thread(Thread[main,5,main])--The primary key column name for the mapping element [field pastor] is being defaulted to: IDPASTOR.
6583 WARN  br.gov.frameworkdemoiselle.internal.implementation.ConfigurationLoader - Não é necessário adicionar o ponto após o prefixo para uma classe de configuração. É recomendado que sejam retirados, pois poderão causar erros em versões futuras do  Framework.
[EL Info]: 2014-06-01 17:29:29.246--ServerSession(13871446)--Thread(Thread[main,5,main])--EclipseLink, version: Eclipse Persistence Services - 2.1.0.v20100614-r7608
[EL Severe]: 2014-06-01 17:29:29.263--ServerSession(13871446)--Thread(Thread[main,5,main])--Local Exception Stack: 
Exception [EclipseLink-4003] (Eclipse Persistence Services - 2.1.0.v20100614-r7608): org.eclipse.persistence.exceptions.DatabaseException
Exception Description: Configuration error.  Class [com.mysql.jdbc.Driver] not found.
	at org.eclipse.persistence.exceptions.DatabaseException.configurationErrorClassNotFound(DatabaseException.java:82)
	at org.eclipse.persistence.sessions.DefaultConnector.loadDriverClass(DefaultConnector.java:267)
	at org.eclipse.persistence.sessions.DefaultConnector.connect(DefaultConnector.java:85)
	at org.eclipse.persistence.sessions.DatasourceLogin.connectToDatasource(DatasourceLogin.java:162)
	at org.eclipse.persistence.internal.sessions.DatabaseSessionImpl.loginAndDetectDatasource(DatabaseSessionImpl.java:579)
	at org.eclipse.persistence.internal.jpa.EntityManagerFactoryProvider.login(EntityManagerFactoryProvider.java:228)
	at org.eclipse.persistence.internal.jpa.EntityManagerSetupImpl.deploy(EntityManagerSetupImpl.java:380)
	at org.eclipse.persistence.internal.jpa.EntityManagerFactoryImpl.getServerSession(EntityManagerFactoryImpl.java:157)
	at org.eclipse.persistence.internal.jpa.EntityManagerFactoryImpl.createEntityManagerImpl(EntityManagerFactoryImpl.java:214)
	at org.eclipse.persistence.internal.jpa.EntityManagerFactoryImpl.createEntityManager(EntityManagerFactoryImpl.java:202)
	at br.gov.frameworkdemoiselle.internal.producer.AbstractEntityManagerStore.getEntityManager(AbstractEntityManagerStore.java:82)
	at br.gov.frameworkdemoiselle.internal.producer.AbstractEntityManagerStore.init(AbstractEntityManagerStore.java:94)
	at br.gov.frameworkdemoiselle.internal.producer.RequestEntityManagerStore.initialize(RequestEntityManagerStore.java:58)
	at sun.reflect.NativeMethodAccessorImpl.invoke0(Native Method)
	at sun.reflect.NativeMethodAccessorImpl.invoke(NativeMethodAccessorImpl.java:57)
	at sun.reflect.DelegatingMethodAccessorImpl.invoke(DelegatingMethodAccessorImpl.java:43)
	at java.lang.reflect.Method.invoke(Method.java:601)
	at org.jboss.weld.util.reflection.SecureReflections$13.work(SecureReflections.java:267)
	at org.jboss.weld.util.reflection.SecureReflectionAccess.run(SecureReflectionAccess.java:52)
	at org.jboss.weld.util.reflection.SecureReflectionAccess.runAsInvocation(SecureReflectionAccess.java:137)
	at org.jboss.weld.util.reflection.SecureReflections.invoke(SecureReflections.java:263)
	at org.jboss.weld.introspector.jlr.WeldMethodImpl.invoke(WeldMethodImpl.java:174)
	at org.jboss.weld.bean.AbstractClassBean.defaultPostConstruct(AbstractClassBean.java:398)
	at org.jboss.weld.bean.ManagedBean$ManagedBeanInjectionTarget.postConstruct(ManagedBean.java:174)
	at org.jboss.weld.bean.ManagedBean.create(ManagedBean.java:294)
	at br.gov.frameworkdemoiselle.internal.context.AbstractCustomContext.get(AbstractCustomContext.java:98)
	at org.jboss.weld.bean.proxy.ContextBeanInstance.getInstance(ContextBeanInstance.java:90)
	at org.jboss.weld.bean.proxy.ProxyMethodHandler.invoke(ProxyMethodHandler.java:79)
	at br.gov.frameworkdemoiselle.internal.producer.RequestEntityManagerStore$Proxy$_$$_WeldClientProxy.getCache(RequestEntityManagerStore$Proxy$_$$_WeldClientProxy.java)
	at br.gov.frameworkdemoiselle.internal.producer.EntityManagerProducer.getCache(EntityManagerProducer.java:170)
	at br.gov.frameworkdemoiselle.internal.producer.EntityManagerProducer$Proxy$_$$_WeldClientProxy.getCache(EntityManagerProducer$Proxy$_$$_WeldClientProxy.java)
	at br.gov.frameworkdemoiselle.transaction.JPATransaction.getDelegate(JPATransaction.java:72)
	at br.gov.frameworkdemoiselle.transaction.JPATransaction.isActive(JPATransaction.java:128)
	at br.gov.frameworkdemoiselle.transaction.TransactionalInterceptor.initiate(TransactionalInterceptor.java:135)
	at br.gov.frameworkdemoiselle.transaction.TransactionalInterceptor.manage(TransactionalInterceptor.java:114)
	at sun.reflect.NativeMethodAccessorImpl.invoke0(Native Method)
	at sun.reflect.NativeMethodAccessorImpl.invoke(NativeMethodAccessorImpl.java:57)
	at sun.reflect.DelegatingMethodAccessorImpl.invoke(DelegatingMethodAccessorImpl.java:43)
	at java.lang.reflect.Method.invoke(Method.java:601)
	at org.jboss.weld.interceptor.proxy.SimpleMethodInvocation.invoke(SimpleMethodInvocation.java:30)
	at org.jboss.weld.interceptor.proxy.SimpleInterceptionChain.invokeNextInterceptor(SimpleInterceptionChain.java:68)
	at org.jboss.weld.interceptor.proxy.InterceptorMethodHandler.executeInterception(InterceptorMethodHandler.java:112)
	at org.jboss.weld.interceptor.proxy.InterceptorMethodHandler.invoke(InterceptorMethodHandler.java:88)
	at org.jboss.weld.bean.proxy.CombinedInterceptorAndDecoratorStackMethodHandler.invoke(CombinedInterceptorAndDecoratorStackMethodHandler.java:53)
	at br.org.vilicum.business.AlertaBC$Proxy$_$$_WeldSubclass.load(AlertaBC$Proxy$_$$_WeldSubclass.java)
	at sun.reflect.NativeMethodAccessorImpl.invoke0(Native Method)
	at sun.reflect.NativeMethodAccessorImpl.invoke(NativeMethodAccessorImpl.java:57)
	at sun.reflect.DelegatingMethodAccessorImpl.invoke(DelegatingMethodAccessorImpl.java:43)
	at java.lang.reflect.Method.invoke(Method.java:601)
	at br.gov.frameworkdemoiselle.internal.implementation.AnnotatedMethodProcessor.process(AnnotatedMethodProcessor.java:91)
	at br.gov.frameworkdemoiselle.internal.bootstrap.AbstractLifecycleBootstrap.proccessEvent(AbstractLifecycleBootstrap.java:133)
	at br.gov.frameworkdemoiselle.internal.bootstrap.StartupBootstrap.startup(StartupBootstrap.java:64)
	at sun.reflect.NativeMethodAccessorImpl.invoke0(Native Method)
	at sun.reflect.NativeMethodAccessorImpl.invoke(NativeMethodAccessorImpl.java:57)
	at sun.reflect.DelegatingMethodAccessorImpl.invoke(DelegatingMethodAccessorImpl.java:43)
	at java.lang.reflect.Method.invoke(Method.java:601)
	at org.jboss.weld.util.reflection.SecureReflections$13.work(SecureReflections.java:267)
	at org.jboss.weld.util.reflection.SecureReflectionAccess.run(SecureReflectionAccess.java:52)
	at org.jboss.weld.util.reflection.SecureReflectionAccess.runAsInvocation(SecureReflectionAccess.java:137)
	at org.jboss.weld.util.reflection.SecureReflections.invoke(SecureReflections.java:263)
	at org.jboss.weld.introspector.jlr.WeldMethodImpl.invokeOnInstance(WeldMethodImpl.java:170)
	at org.jboss.weld.introspector.ForwardingWeldMethod.invokeOnInstance(ForwardingWeldMethod.java:51)
	at org.jboss.weld.injection.MethodInjectionPoint.invokeOnInstanceWithSpecialValue(MethodInjectionPoint.java:154)
	at org.jboss.weld.event.ObserverMethodImpl.sendEvent(ObserverMethodImpl.java:245)
	at org.jboss.weld.event.ObserverMethodImpl.sendEvent(ObserverMethodImpl.java:233)
	at org.jboss.weld.event.ObserverMethodImpl.notify(ObserverMethodImpl.java:213)
	at org.jboss.weld.manager.BeanManagerImpl.notifyObservers(BeanManagerImpl.java:590)
	at org.jboss.weld.manager.BeanManagerImpl.fireEvent(BeanManagerImpl.java:580)
	at org.jboss.weld.manager.BeanManagerImpl.fireEvent(BeanManagerImpl.java:575)
	at br.gov.frameworkdemoiselle.junit.DemoiselleRunner.startup(DemoiselleRunner.java:83)
	at br.gov.frameworkdemoiselle.junit.DemoiselleRunner.run(DemoiselleRunner.java:72)
	at org.apache.maven.surefire.junit4.JUnit4TestSet.execute(JUnit4TestSet.java:53)
	at org.apache.maven.surefire.junit4.JUnit4Provider.executeTestSet(JUnit4Provider.java:123)
	at org.apache.maven.surefire.junit4.JUnit4Provider.invoke(JUnit4Provider.java:104)
	at sun.reflect.NativeMethodAccessorImpl.invoke0(Native Method)
	at sun.reflect.NativeMethodAccessorImpl.invoke(NativeMethodAccessorImpl.java:57)
	at sun.reflect.DelegatingMethodAccessorImpl.invoke(DelegatingMethodAccessorImpl.java:43)
	at java.lang.reflect.Method.invoke(Method.java:601)
	at org.apache.maven.surefire.util.ReflectionUtils.invokeMethodWithArray(ReflectionUtils.java:164)
	at org.apache.maven.surefire.booter.ProviderFactory$ProviderProxy.invoke(ProviderFactory.java:110)
	at org.apache.maven.surefire.booter.SurefireStarter.invokeProvider(SurefireStarter.java:175)
	at org.apache.maven.surefire.booter.SurefireStarter.runSuitesInProcessWhenForked(SurefireStarter.java:107)
	at org.apache.maven.surefire.booter.ForkedBooter.main(ForkedBooter.java:68)

7390 INFO  br.gov.frameworkdemoiselle.internal.implementation.AnnotatedMethodProcessor - Processando: public void br.org.vilicum.business.BookmarkBC.load()
[EL Info]: 2014-06-01 17:29:29.27--ServerSession(13871446)--Thread(Thread[main,5,main])--EclipseLink, version: Eclipse Persistence Services - 2.1.0.v20100614-r7608
[EL Severe]: 2014-06-01 17:29:29.271--ServerSession(13871446)--Thread(Thread[main,5,main])--Local Exception Stack: 
Exception [EclipseLink-4003] (Eclipse Persistence Services - 2.1.0.v20100614-r7608): org.eclipse.persistence.exceptions.DatabaseException
Exception Description: Configuration error.  Class [com.mysql.jdbc.Driver] not found.
	at org.eclipse.persistence.exceptions.DatabaseException.configurationErrorClassNotFound(DatabaseException.java:82)
	at org.eclipse.persistence.sessions.DefaultConnector.loadDriverClass(DefaultConnector.java:267)
	at org.eclipse.persistence.sessions.DefaultConnector.connect(DefaultConnector.java:85)
	at org.eclipse.persistence.sessions.DatasourceLogin.connectToDatasource(DatasourceLogin.java:162)
	at org.eclipse.persistence.internal.sessions.DatabaseSessionImpl.loginAndDetectDatasource(DatabaseSessionImpl.java:579)
	at org.eclipse.persistence.internal.jpa.EntityManagerFactoryProvider.login(EntityManagerFactoryProvider.java:228)
	at org.eclipse.persistence.internal.jpa.EntityManagerSetupImpl.deploy(EntityManagerSetupImpl.java:380)
	at org.eclipse.persistence.internal.jpa.EntityManagerFactoryImpl.getServerSession(EntityManagerFactoryImpl.java:157)
	at org.eclipse.persistence.internal.jpa.EntityManagerFactoryImpl.createEntityManagerImpl(EntityManagerFactoryImpl.java:214)
	at org.eclipse.persistence.internal.jpa.EntityManagerFactoryImpl.createEntityManager(EntityManagerFactoryImpl.java:202)
	at br.gov.frameworkdemoiselle.internal.producer.AbstractEntityManagerStore.getEntityManager(AbstractEntityManagerStore.java:82)
	at br.gov.frameworkdemoiselle.internal.producer.AbstractEntityManagerStore.init(AbstractEntityManagerStore.java:94)
	at br.gov.frameworkdemoiselle.internal.producer.RequestEntityManagerStore.initialize(RequestEntityManagerStore.java:58)
	at sun.reflect.NativeMethodAccessorImpl.invoke0(Native Method)
	at sun.reflect.NativeMethodAccessorImpl.invoke(NativeMethodAccessorImpl.java:57)
	at sun.reflect.DelegatingMethodAccessorImpl.invoke(DelegatingMethodAccessorImpl.java:43)
	at java.lang.reflect.Method.invoke(Method.java:601)
	at org.jboss.weld.util.reflection.SecureReflections$13.work(SecureReflections.java:267)
	at org.jboss.weld.util.reflection.SecureReflectionAccess.run(SecureReflectionAccess.java:52)
	at org.jboss.weld.util.reflection.SecureReflectionAccess.runAsInvocation(SecureReflectionAccess.java:137)
	at org.jboss.weld.util.reflection.SecureReflections.invoke(SecureReflections.java:263)
	at org.jboss.weld.introspector.jlr.WeldMethodImpl.invoke(WeldMethodImpl.java:174)
	at org.jboss.weld.bean.AbstractClassBean.defaultPostConstruct(AbstractClassBean.java:398)
	at org.jboss.weld.bean.ManagedBean$ManagedBeanInjectionTarget.postConstruct(ManagedBean.java:174)
	at org.jboss.weld.bean.ManagedBean.create(ManagedBean.java:294)
	at br.gov.frameworkdemoiselle.internal.context.AbstractCustomContext.get(AbstractCustomContext.java:98)
	at org.jboss.weld.bean.proxy.ContextBeanInstance.getInstance(ContextBeanInstance.java:90)
	at org.jboss.weld.bean.proxy.ProxyMethodHandler.invoke(ProxyMethodHandler.java:79)
	at br.gov.frameworkdemoiselle.internal.producer.RequestEntityManagerStore$Proxy$_$$_WeldClientProxy.getCache(RequestEntityManagerStore$Proxy$_$$_WeldClientProxy.java)
	at br.gov.frameworkdemoiselle.internal.producer.EntityManagerProducer.getCache(EntityManagerProducer.java:170)
	at br.gov.frameworkdemoiselle.internal.producer.EntityManagerProducer$Proxy$_$$_WeldClientProxy.getCache(EntityManagerProducer$Proxy$_$$_WeldClientProxy.java)
	at br.gov.frameworkdemoiselle.transaction.JPATransaction.getDelegate(JPATransaction.java:72)
	at br.gov.frameworkdemoiselle.transaction.JPATransaction.isActive(JPATransaction.java:128)
	at br.gov.frameworkdemoiselle.transaction.TransactionalInterceptor.initiate(TransactionalInterceptor.java:135)
	at br.gov.frameworkdemoiselle.transaction.TransactionalInterceptor.manage(TransactionalInterceptor.java:114)
	at sun.reflect.NativeMethodAccessorImpl.invoke0(Native Method)
	at sun.reflect.NativeMethodAccessorImpl.invoke(NativeMethodAccessorImpl.java:57)
	at sun.reflect.DelegatingMethodAccessorImpl.invoke(DelegatingMethodAccessorImpl.java:43)
	at java.lang.reflect.Method.invoke(Method.java:601)
	at org.jboss.weld.interceptor.proxy.SimpleMethodInvocation.invoke(SimpleMethodInvocation.java:30)
	at org.jboss.weld.interceptor.proxy.SimpleInterceptionChain.invokeNextInterceptor(SimpleInterceptionChain.java:68)
	at org.jboss.weld.interceptor.proxy.InterceptorMethodHandler.executeInterception(InterceptorMethodHandler.java:112)
	at org.jboss.weld.interceptor.proxy.InterceptorMethodHandler.invoke(InterceptorMethodHandler.java:88)
	at org.jboss.weld.bean.proxy.CombinedInterceptorAndDecoratorStackMethodHandler.invoke(CombinedInterceptorAndDecoratorStackMethodHandler.java:53)
	at br.org.vilicum.business.BookmarkBC$Proxy$_$$_WeldSubclass.load(BookmarkBC$Proxy$_$$_WeldSubclass.java)
	at sun.reflect.NativeMethodAccessorImpl.invoke0(Native Method)
	at sun.reflect.NativeMethodAccessorImpl.invoke(NativeMethodAccessorImpl.java:57)
	at sun.reflect.DelegatingMethodAccessorImpl.invoke(DelegatingMethodAccessorImpl.java:43)
	at java.lang.reflect.Method.invoke(Method.java:601)
	at br.gov.frameworkdemoiselle.internal.implementation.AnnotatedMethodProcessor.process(AnnotatedMethodProcessor.java:91)
	at br.gov.frameworkdemoiselle.internal.bootstrap.AbstractLifecycleBootstrap.proccessEvent(AbstractLifecycleBootstrap.java:133)
	at br.gov.frameworkdemoiselle.internal.bootstrap.StartupBootstrap.startup(StartupBootstrap.java:64)
	at sun.reflect.NativeMethodAccessorImpl.invoke0(Native Method)
	at sun.reflect.NativeMethodAccessorImpl.invoke(NativeMethodAccessorImpl.java:57)
	at sun.reflect.DelegatingMethodAccessorImpl.invoke(DelegatingMethodAccessorImpl.java:43)
	at java.lang.reflect.Method.invoke(Method.java:601)
	at org.jboss.weld.util.reflection.SecureReflections$13.work(SecureReflections.java:267)
	at org.jboss.weld.util.reflection.SecureReflectionAccess.run(SecureReflectionAccess.java:52)
	at org.jboss.weld.util.reflection.SecureReflectionAccess.runAsInvocation(SecureReflectionAccess.java:137)
	at org.jboss.weld.util.reflection.SecureReflections.invoke(SecureReflections.java:263)
	at org.jboss.weld.introspector.jlr.WeldMethodImpl.invokeOnInstance(WeldMethodImpl.java:170)
	at org.jboss.weld.introspector.ForwardingWeldMethod.invokeOnInstance(ForwardingWeldMethod.java:51)
	at org.jboss.weld.injection.MethodInjectionPoint.invokeOnInstanceWithSpecialValue(MethodInjectionPoint.java:154)
	at org.jboss.weld.event.ObserverMethodImpl.sendEvent(ObserverMethodImpl.java:245)
	at org.jboss.weld.event.ObserverMethodImpl.sendEvent(ObserverMethodImpl.java:233)
	at org.jboss.weld.event.ObserverMethodImpl.notify(ObserverMethodImpl.java:213)
	at org.jboss.weld.manager.BeanManagerImpl.notifyObservers(BeanManagerImpl.java:590)
	at org.jboss.weld.manager.BeanManagerImpl.fireEvent(BeanManagerImpl.java:580)
	at org.jboss.weld.manager.BeanManagerImpl.fireEvent(BeanManagerImpl.java:575)
	at br.gov.frameworkdemoiselle.junit.DemoiselleRunner.startup(DemoiselleRunner.java:83)
	at br.gov.frameworkdemoiselle.junit.DemoiselleRunner.run(DemoiselleRunner.java:72)
	at org.apache.maven.surefire.junit4.JUnit4TestSet.execute(JUnit4TestSet.java:53)
	at org.apache.maven.surefire.junit4.JUnit4Provider.executeTestSet(JUnit4Provider.java:123)
	at org.apache.maven.surefire.junit4.JUnit4Provider.invoke(JUnit4Provider.java:104)
	at sun.reflect.NativeMethodAccessorImpl.invoke0(Native Method)
	at sun.reflect.NativeMethodAccessorImpl.invoke(NativeMethodAccessorImpl.java:57)
	at sun.reflect.DelegatingMethodAccessorImpl.invoke(DelegatingMethodAccessorImpl.java:43)
	at java.lang.reflect.Method.invoke(Method.java:601)
	at org.apache.maven.surefire.util.ReflectionUtils.invokeMethodWithArray(ReflectionUtils.java:164)
	at org.apache.maven.surefire.booter.ProviderFactory$ProviderProxy.invoke(ProviderFactory.java:110)
	at org.apache.maven.surefire.booter.SurefireStarter.invokeProvider(SurefireStarter.java:175)
	at org.apache.maven.surefire.booter.SurefireStarter.runSuitesInProcessWhenForked(SurefireStarter.java:107)
	at org.apache.maven.surefire.booter.ForkedBooter.main(ForkedBooter.java:68)

7396 INFO  br.gov.frameworkdemoiselle.internal.implementation.AnnotatedMethodProcessor - Processando: public void br.org.vilicum.business.CongregacaoBC.load()
[EL Info]: 2014-06-01 17:29:29.276--ServerSession(13871446)--Thread(Thread[main,5,main])--EclipseLink, version: Eclipse Persistence Services - 2.1.0.v20100614-r7608
[EL Severe]: 2014-06-01 17:29:29.278--ServerSession(13871446)--Thread(Thread[main,5,main])--Local Exception Stack: 
Exception [EclipseLink-4003] (Eclipse Persistence Services - 2.1.0.v20100614-r7608): org.eclipse.persistence.exceptions.DatabaseException
Exception Description: Configuration error.  Class [com.mysql.jdbc.Driver] not found.
	at org.eclipse.persistence.exceptions.DatabaseException.configurationErrorClassNotFound(DatabaseException.java:82)
	at org.eclipse.persistence.sessions.DefaultConnector.loadDriverClass(DefaultConnector.java:267)
	at org.eclipse.persistence.sessions.DefaultConnector.connect(DefaultConnector.java:85)
	at org.eclipse.persistence.sessions.DatasourceLogin.connectToDatasource(DatasourceLogin.java:162)
	at org.eclipse.persistence.internal.sessions.DatabaseSessionImpl.loginAndDetectDatasource(DatabaseSessionImpl.java:579)
	at org.eclipse.persistence.internal.jpa.EntityManagerFactoryProvider.login(EntityManagerFactoryProvider.java:228)
	at org.eclipse.persistence.internal.jpa.EntityManagerSetupImpl.deploy(EntityManagerSetupImpl.java:380)
	at org.eclipse.persistence.internal.jpa.EntityManagerFactoryImpl.getServerSession(EntityManagerFactoryImpl.java:157)
	at org.eclipse.persistence.internal.jpa.EntityManagerFactoryImpl.createEntityManagerImpl(EntityManagerFactoryImpl.java:214)
	at org.eclipse.persistence.internal.jpa.EntityManagerFactoryImpl.createEntityManager(EntityManagerFactoryImpl.java:202)
	at br.gov.frameworkdemoiselle.internal.producer.AbstractEntityManagerStore.getEntityManager(AbstractEntityManagerStore.java:82)
	at br.gov.frameworkdemoiselle.internal.producer.AbstractEntityManagerStore.init(AbstractEntityManagerStore.java:94)
	at br.gov.frameworkdemoiselle.internal.producer.RequestEntityManagerStore.initialize(RequestEntityManagerStore.java:58)
	at sun.reflect.NativeMethodAccessorImpl.invoke0(Native Method)
	at sun.reflect.NativeMethodAccessorImpl.invoke(NativeMethodAccessorImpl.java:57)
	at sun.reflect.DelegatingMethodAccessorImpl.invoke(DelegatingMethodAccessorImpl.java:43)
	at java.lang.reflect.Method.invoke(Method.java:601)
	at org.jboss.weld.util.reflection.SecureReflections$13.work(SecureReflections.java:267)
	at org.jboss.weld.util.reflection.SecureReflectionAccess.run(SecureReflectionAccess.java:52)
	at org.jboss.weld.util.reflection.SecureReflectionAccess.runAsInvocation(SecureReflectionAccess.java:137)
	at org.jboss.weld.util.reflection.SecureReflections.invoke(SecureReflections.java:263)
	at org.jboss.weld.introspector.jlr.WeldMethodImpl.invoke(WeldMethodImpl.java:174)
	at org.jboss.weld.bean.AbstractClassBean.defaultPostConstruct(AbstractClassBean.java:398)
	at org.jboss.weld.bean.ManagedBean$ManagedBeanInjectionTarget.postConstruct(ManagedBean.java:174)
	at org.jboss.weld.bean.ManagedBean.create(ManagedBean.java:294)
	at br.gov.frameworkdemoiselle.internal.context.AbstractCustomContext.get(AbstractCustomContext.java:98)
	at org.jboss.weld.bean.proxy.ContextBeanInstance.getInstance(ContextBeanInstance.java:90)
	at org.jboss.weld.bean.proxy.ProxyMethodHandler.invoke(ProxyMethodHandler.java:79)
	at br.gov.frameworkdemoiselle.internal.producer.RequestEntityManagerStore$Proxy$_$$_WeldClientProxy.getCache(RequestEntityManagerStore$Proxy$_$$_WeldClientProxy.java)
	at br.gov.frameworkdemoiselle.internal.producer.EntityManagerProducer.getCache(EntityManagerProducer.java:170)
	at br.gov.frameworkdemoiselle.internal.producer.EntityManagerProducer$Proxy$_$$_WeldClientProxy.getCache(EntityManagerProducer$Proxy$_$$_WeldClientProxy.java)
	at br.gov.frameworkdemoiselle.transaction.JPATransaction.getDelegate(JPATransaction.java:72)
	at br.gov.frameworkdemoiselle.transaction.JPATransaction.isActive(JPATransaction.java:128)
	at br.gov.frameworkdemoiselle.transaction.TransactionalInterceptor.initiate(TransactionalInterceptor.java:135)
	at br.gov.frameworkdemoiselle.transaction.TransactionalInterceptor.manage(TransactionalInterceptor.java:114)
	at sun.reflect.NativeMethodAccessorImpl.invoke0(Native Method)
	at sun.reflect.NativeMethodAccessorImpl.invoke(NativeMethodAccessorImpl.java:57)
	at sun.reflect.DelegatingMethodAccessorImpl.invoke(DelegatingMethodAccessorImpl.java:43)
	at java.lang.reflect.Method.invoke(Method.java:601)
	at org.jboss.weld.interceptor.proxy.SimpleMethodInvocation.invoke(SimpleMethodInvocation.java:30)
	at org.jboss.weld.interceptor.proxy.SimpleInterceptionChain.invokeNextInterceptor(SimpleInterceptionChain.java:68)
	at org.jboss.weld.interceptor.proxy.InterceptorMethodHandler.executeInterception(InterceptorMethodHandler.java:112)
	at org.jboss.weld.interceptor.proxy.InterceptorMethodHandler.invoke(InterceptorMethodHandler.java:88)
	at org.jboss.weld.bean.proxy.CombinedInterceptorAndDecoratorStackMethodHandler.invoke(CombinedInterceptorAndDecoratorStackMethodHandler.java:53)
	at br.org.vilicum.business.CongregacaoBC$Proxy$_$$_WeldSubclass.load(CongregacaoBC$Proxy$_$$_WeldSubclass.java)
	at sun.reflect.NativeMethodAccessorImpl.invoke0(Native Method)
	at sun.reflect.NativeMethodAccessorImpl.invoke(NativeMethodAccessorImpl.java:57)
	at sun.reflect.DelegatingMethodAccessorImpl.invoke(DelegatingMethodAccessorImpl.java:43)
	at java.lang.reflect.Method.invoke(Method.java:601)
	at br.gov.frameworkdemoiselle.internal.implementation.AnnotatedMethodProcessor.process(AnnotatedMethodProcessor.java:91)
	at br.gov.frameworkdemoiselle.internal.bootstrap.AbstractLifecycleBootstrap.proccessEvent(AbstractLifecycleBootstrap.java:133)
	at br.gov.frameworkdemoiselle.internal.bootstrap.StartupBootstrap.startup(StartupBootstrap.java:64)
	at sun.reflect.NativeMethodAccessorImpl.invoke0(Native Method)
	at sun.reflect.NativeMethodAccessorImpl.invoke(NativeMethodAccessorImpl.java:57)
	at sun.reflect.DelegatingMethodAccessorImpl.invoke(DelegatingMethodAccessorImpl.java:43)
	at java.lang.reflect.Method.invoke(Method.java:601)
	at org.jboss.weld.util.reflection.SecureReflections$13.work(SecureReflections.java:267)
	at org.jboss.weld.util.reflection.SecureReflectionAccess.run(SecureReflectionAccess.java:52)
	at org.jboss.weld.util.reflection.SecureReflectionAccess.runAsInvocation(SecureReflectionAccess.java:137)
	at org.jboss.weld.util.reflection.SecureReflections.invoke(SecureReflections.java:263)
	at org.jboss.weld.introspector.jlr.WeldMethodImpl.invokeOnInstance(WeldMethodImpl.java:170)
	at org.jboss.weld.introspector.ForwardingWeldMethod.invokeOnInstance(ForwardingWeldMethod.java:51)
	at org.jboss.weld.injection.MethodInjectionPoint.invokeOnInstanceWithSpecialValue(MethodInjectionPoint.java:154)
	at org.jboss.weld.event.ObserverMethodImpl.sendEvent(ObserverMethodImpl.java:245)
	at org.jboss.weld.event.ObserverMethodImpl.sendEvent(ObserverMethodImpl.java:233)
	at org.jboss.weld.event.ObserverMethodImpl.notify(ObserverMethodImpl.java:213)
	at org.jboss.weld.manager.BeanManagerImpl.notifyObservers(BeanManagerImpl.java:590)
	at org.jboss.weld.manager.BeanManagerImpl.fireEvent(BeanManagerImpl.java:580)
	at org.jboss.weld.manager.BeanManagerImpl.fireEvent(BeanManagerImpl.java:575)
	at br.gov.frameworkdemoiselle.junit.DemoiselleRunner.startup(DemoiselleRunner.java:83)
	at br.gov.frameworkdemoiselle.junit.DemoiselleRunner.run(DemoiselleRunner.java:72)
	at org.apache.maven.surefire.junit4.JUnit4TestSet.execute(JUnit4TestSet.java:53)
	at org.apache.maven.surefire.junit4.JUnit4Provider.executeTestSet(JUnit4Provider.java:123)
	at org.apache.maven.surefire.junit4.JUnit4Provider.invoke(JUnit4Provider.java:104)
	at sun.reflect.NativeMethodAccessorImpl.invoke0(Native Method)
	at sun.reflect.NativeMethodAccessorImpl.invoke(NativeMethodAccessorImpl.java:57)
	at sun.reflect.DelegatingMethodAccessorImpl.invoke(DelegatingMethodAccessorImpl.java:43)
	at java.lang.reflect.Method.invoke(Method.java:601)
	at org.apache.maven.surefire.util.ReflectionUtils.invokeMethodWithArray(ReflectionUtils.java:164)
	at org.apache.maven.surefire.booter.ProviderFactory$ProviderProxy.invoke(ProviderFactory.java:110)
	at org.apache.maven.surefire.booter.SurefireStarter.invokeProvider(SurefireStarter.java:175)
	at org.apache.maven.surefire.booter.SurefireStarter.runSuitesInProcessWhenForked(SurefireStarter.java:107)
	at org.apache.maven.surefire.booter.ForkedBooter.main(ForkedBooter.java:68)

7402 INFO  br.gov.frameworkdemoiselle.internal.implementation.AnnotatedMethodProcessor - Processando: public void br.org.vilicum.business.IngressoBC.load()
[EL Info]: 2014-06-01 17:29:29.283--ServerSession(13871446)--Thread(Thread[main,5,main])--EclipseLink, version: Eclipse Persistence Services - 2.1.0.v20100614-r7608
[EL Severe]: 2014-06-01 17:29:29.285--ServerSession(13871446)--Thread(Thread[main,5,main])--Local Exception Stack: 
Exception [EclipseLink-4003] (Eclipse Persistence Services - 2.1.0.v20100614-r7608): org.eclipse.persistence.exceptions.DatabaseException
Exception Description: Configuration error.  Class [com.mysql.jdbc.Driver] not found.
	at org.eclipse.persistence.exceptions.DatabaseException.configurationErrorClassNotFound(DatabaseException.java:82)
	at org.eclipse.persistence.sessions.DefaultConnector.loadDriverClass(DefaultConnector.java:267)
	at org.eclipse.persistence.sessions.DefaultConnector.connect(DefaultConnector.java:85)
	at org.eclipse.persistence.sessions.DatasourceLogin.connectToDatasource(DatasourceLogin.java:162)
	at org.eclipse.persistence.internal.sessions.DatabaseSessionImpl.loginAndDetectDatasource(DatabaseSessionImpl.java:579)
	at org.eclipse.persistence.internal.jpa.EntityManagerFactoryProvider.login(EntityManagerFactoryProvider.java:228)
	at org.eclipse.persistence.internal.jpa.EntityManagerSetupImpl.deploy(EntityManagerSetupImpl.java:380)
	at org.eclipse.persistence.internal.jpa.EntityManagerFactoryImpl.getServerSession(EntityManagerFactoryImpl.java:157)
	at org.eclipse.persistence.internal.jpa.EntityManagerFactoryImpl.createEntityManagerImpl(EntityManagerFactoryImpl.java:214)
	at org.eclipse.persistence.internal.jpa.EntityManagerFactoryImpl.createEntityManager(EntityManagerFactoryImpl.java:202)
	at br.gov.frameworkdemoiselle.internal.producer.AbstractEntityManagerStore.getEntityManager(AbstractEntityManagerStore.java:82)
	at br.gov.frameworkdemoiselle.internal.producer.AbstractEntityManagerStore.init(AbstractEntityManagerStore.java:94)
	at br.gov.frameworkdemoiselle.internal.producer.RequestEntityManagerStore.initialize(RequestEntityManagerStore.java:58)
	at sun.reflect.NativeMethodAccessorImpl.invoke0(Native Method)
	at sun.reflect.NativeMethodAccessorImpl.invoke(NativeMethodAccessorImpl.java:57)
	at sun.reflect.DelegatingMethodAccessorImpl.invoke(DelegatingMethodAccessorImpl.java:43)
	at java.lang.reflect.Method.invoke(Method.java:601)
	at org.jboss.weld.util.reflection.SecureReflections$13.work(SecureReflections.java:267)
	at org.jboss.weld.util.reflection.SecureReflectionAccess.run(SecureReflectionAccess.java:52)
	at org.jboss.weld.util.reflection.SecureReflectionAccess.runAsInvocation(SecureReflectionAccess.java:137)
	at org.jboss.weld.util.reflection.SecureReflections.invoke(SecureReflections.java:263)
	at org.jboss.weld.introspector.jlr.WeldMethodImpl.invoke(WeldMethodImpl.java:174)
	at org.jboss.weld.bean.AbstractClassBean.defaultPostConstruct(AbstractClassBean.java:398)
	at org.jboss.weld.bean.ManagedBean$ManagedBeanInjectionTarget.postConstruct(ManagedBean.java:174)
	at org.jboss.weld.bean.ManagedBean.create(ManagedBean.java:294)
	at br.gov.frameworkdemoiselle.internal.context.AbstractCustomContext.get(AbstractCustomContext.java:98)
	at org.jboss.weld.bean.proxy.ContextBeanInstance.getInstance(ContextBeanInstance.java:90)
	at org.jboss.weld.bean.proxy.ProxyMethodHandler.invoke(ProxyMethodHandler.java:79)
	at br.gov.frameworkdemoiselle.internal.producer.RequestEntityManagerStore$Proxy$_$$_WeldClientProxy.getCache(RequestEntityManagerStore$Proxy$_$$_WeldClientProxy.java)
	at br.gov.frameworkdemoiselle.internal.producer.EntityManagerProducer.getCache(EntityManagerProducer.java:170)
	at br.gov.frameworkdemoiselle.internal.producer.EntityManagerProducer$Proxy$_$$_WeldClientProxy.getCache(EntityManagerProducer$Proxy$_$$_WeldClientProxy.java)
	at br.gov.frameworkdemoiselle.transaction.JPATransaction.getDelegate(JPATransaction.java:72)
	at br.gov.frameworkdemoiselle.transaction.JPATransaction.isActive(JPATransaction.java:128)
	at br.gov.frameworkdemoiselle.transaction.TransactionalInterceptor.initiate(TransactionalInterceptor.java:135)
	at br.gov.frameworkdemoiselle.transaction.TransactionalInterceptor.manage(TransactionalInterceptor.java:114)
	at sun.reflect.NativeMethodAccessorImpl.invoke0(Native Method)
	at sun.reflect.NativeMethodAccessorImpl.invoke(NativeMethodAccessorImpl.java:57)
	at sun.reflect.DelegatingMethodAccessorImpl.invoke(DelegatingMethodAccessorImpl.java:43)
	at java.lang.reflect.Method.invoke(Method.java:601)
	at org.jboss.weld.interceptor.proxy.SimpleMethodInvocation.invoke(SimpleMethodInvocation.java:30)
	at org.jboss.weld.interceptor.proxy.SimpleInterceptionChain.invokeNextInterceptor(SimpleInterceptionChain.java:68)
	at org.jboss.weld.interceptor.proxy.InterceptorMethodHandler.executeInterception(InterceptorMethodHandler.java:112)
	at org.jboss.weld.interceptor.proxy.InterceptorMethodHandler.invoke(InterceptorMethodHandler.java:88)
	at org.jboss.weld.bean.proxy.CombinedInterceptorAndDecoratorStackMethodHandler.invoke(CombinedInterceptorAndDecoratorStackMethodHandler.java:53)
	at br.org.vilicum.business.IngressoBC$Proxy$_$$_WeldSubclass.load(IngressoBC$Proxy$_$$_WeldSubclass.java)
	at sun.reflect.NativeMethodAccessorImpl.invoke0(Native Method)
	at sun.reflect.NativeMethodAccessorImpl.invoke(NativeMethodAccessorImpl.java:57)
	at sun.reflect.DelegatingMethodAccessorImpl.invoke(DelegatingMethodAccessorImpl.java:43)
	at java.lang.reflect.Method.invoke(Method.java:601)
	at br.gov.frameworkdemoiselle.internal.implementation.AnnotatedMethodProcessor.process(AnnotatedMethodProcessor.java:91)
	at br.gov.frameworkdemoiselle.internal.bootstrap.AbstractLifecycleBootstrap.proccessEvent(AbstractLifecycleBootstrap.java:133)
	at br.gov.frameworkdemoiselle.internal.bootstrap.StartupBootstrap.startup(StartupBootstrap.java:64)
	at sun.reflect.NativeMethodAccessorImpl.invoke0(Native Method)
	at sun.reflect.NativeMethodAccessorImpl.invoke(NativeMethodAccessorImpl.java:57)
	at sun.reflect.DelegatingMethodAccessorImpl.invoke(DelegatingMethodAccessorImpl.java:43)
	at java.lang.reflect.Method.invoke(Method.java:601)
	at org.jboss.weld.util.reflection.SecureReflections$13.work(SecureReflections.java:267)
	at org.jboss.weld.util.reflection.SecureReflectionAccess.run(SecureReflectionAccess.java:52)
	at org.jboss.weld.util.reflection.SecureReflectionAccess.runAsInvocation(SecureReflectionAccess.java:137)
	at org.jboss.weld.util.reflection.SecureReflections.invoke(SecureReflections.java:263)
	at org.jboss.weld.introspector.jlr.WeldMethodImpl.invokeOnInstance(WeldMethodImpl.java:170)
	at org.jboss.weld.introspector.ForwardingWeldMethod.invokeOnInstance(ForwardingWeldMethod.java:51)
	at org.jboss.weld.injection.MethodInjectionPoint.invokeOnInstanceWithSpecialValue(MethodInjectionPoint.java:154)
	at org.jboss.weld.event.ObserverMethodImpl.sendEvent(ObserverMethodImpl.java:245)
	at org.jboss.weld.event.ObserverMethodImpl.sendEvent(ObserverMethodImpl.java:233)
	at org.jboss.weld.event.ObserverMethodImpl.notify(ObserverMethodImpl.java:213)
	at org.jboss.weld.manager.BeanManagerImpl.notifyObservers(BeanManagerImpl.java:590)
	at org.jboss.weld.manager.BeanManagerImpl.fireEvent(BeanManagerImpl.java:580)
	at org.jboss.weld.manager.BeanManagerImpl.fireEvent(BeanManagerImpl.java:575)
	at br.gov.frameworkdemoiselle.junit.DemoiselleRunner.startup(DemoiselleRunner.java:83)
	at br.gov.frameworkdemoiselle.junit.DemoiselleRunner.run(DemoiselleRunner.java:72)
	at org.apache.maven.surefire.junit4.JUnit4TestSet.execute(JUnit4TestSet.java:53)
	at org.apache.maven.surefire.junit4.JUnit4Provider.executeTestSet(JUnit4Provider.java:123)
	at org.apache.maven.surefire.junit4.JUnit4Provider.invoke(JUnit4Provider.java:104)
	at sun.reflect.NativeMethodAccessorImpl.invoke0(Native Method)
	at sun.reflect.NativeMethodAccessorImpl.invoke(NativeMethodAccessorImpl.java:57)
	at sun.reflect.DelegatingMethodAccessorImpl.invoke(DelegatingMethodAccessorImpl.java:43)
	at java.lang.reflect.Method.invoke(Method.java:601)
	at org.apache.maven.surefire.util.ReflectionUtils.invokeMethodWithArray(ReflectionUtils.java:164)
	at org.apache.maven.surefire.booter.ProviderFactory$ProviderProxy.invoke(ProviderFactory.java:110)
	at org.apache.maven.surefire.booter.SurefireStarter.invokeProvider(SurefireStarter.java:175)
	at org.apache.maven.surefire.booter.SurefireStarter.runSuitesInProcessWhenForked(SurefireStarter.java:107)
	at org.apache.maven.surefire.booter.ForkedBooter.main(ForkedBooter.java:68)

7410 INFO  br.gov.frameworkdemoiselle.internal.implementation.AnnotatedMethodProcessor - Processando: public void br.org.vilicum.business.PerfilBC.load()
[EL Info]: 2014-06-01 17:29:29.29--ServerSession(13871446)--Thread(Thread[main,5,main])--EclipseLink, version: Eclipse Persistence Services - 2.1.0.v20100614-r7608
[EL Severe]: 2014-06-01 17:29:29.292--ServerSession(13871446)--Thread(Thread[main,5,main])--Local Exception Stack: 
Exception [EclipseLink-4003] (Eclipse Persistence Services - 2.1.0.v20100614-r7608): org.eclipse.persistence.exceptions.DatabaseException
Exception Description: Configuration error.  Class [com.mysql.jdbc.Driver] not found.
	at org.eclipse.persistence.exceptions.DatabaseException.configurationErrorClassNotFound(DatabaseException.java:82)
	at org.eclipse.persistence.sessions.DefaultConnector.loadDriverClass(DefaultConnector.java:267)
	at org.eclipse.persistence.sessions.DefaultConnector.connect(DefaultConnector.java:85)
	at org.eclipse.persistence.sessions.DatasourceLogin.connectToDatasource(DatasourceLogin.java:162)
	at org.eclipse.persistence.internal.sessions.DatabaseSessionImpl.loginAndDetectDatasource(DatabaseSessionImpl.java:579)
	at org.eclipse.persistence.internal.jpa.EntityManagerFactoryProvider.login(EntityManagerFactoryProvider.java:228)
	at org.eclipse.persistence.internal.jpa.EntityManagerSetupImpl.deploy(EntityManagerSetupImpl.java:380)
	at org.eclipse.persistence.internal.jpa.EntityManagerFactoryImpl.getServerSession(EntityManagerFactoryImpl.java:157)
	at org.eclipse.persistence.internal.jpa.EntityManagerFactoryImpl.createEntityManagerImpl(EntityManagerFactoryImpl.java:214)
	at org.eclipse.persistence.internal.jpa.EntityManagerFactoryImpl.createEntityManager(EntityManagerFactoryImpl.java:202)
	at br.gov.frameworkdemoiselle.internal.producer.AbstractEntityManagerStore.getEntityManager(AbstractEntityManagerStore.java:82)
	at br.gov.frameworkdemoiselle.internal.producer.AbstractEntityManagerStore.init(AbstractEntityManagerStore.java:94)
	at br.gov.frameworkdemoiselle.internal.producer.RequestEntityManagerStore.initialize(RequestEntityManagerStore.java:58)
	at sun.reflect.NativeMethodAccessorImpl.invoke0(Native Method)
	at sun.reflect.NativeMethodAccessorImpl.invoke(NativeMethodAccessorImpl.java:57)
	at sun.reflect.DelegatingMethodAccessorImpl.invoke(DelegatingMethodAccessorImpl.java:43)
	at java.lang.reflect.Method.invoke(Method.java:601)
	at org.jboss.weld.util.reflection.SecureReflections$13.work(SecureReflections.java:267)
	at org.jboss.weld.util.reflection.SecureReflectionAccess.run(SecureReflectionAccess.java:52)
	at org.jboss.weld.util.reflection.SecureReflectionAccess.runAsInvocation(SecureReflectionAccess.java:137)
	at org.jboss.weld.util.reflection.SecureReflections.invoke(SecureReflections.java:263)
	at org.jboss.weld.introspector.jlr.WeldMethodImpl.invoke(WeldMethodImpl.java:174)
	at org.jboss.weld.bean.AbstractClassBean.defaultPostConstruct(AbstractClassBean.java:398)
	at org.jboss.weld.bean.ManagedBean$ManagedBeanInjectionTarget.postConstruct(ManagedBean.java:174)
	at org.jboss.weld.bean.ManagedBean.create(ManagedBean.java:294)
	at br.gov.frameworkdemoiselle.internal.context.AbstractCustomContext.get(AbstractCustomContext.java:98)
	at org.jboss.weld.bean.proxy.ContextBeanInstance.getInstance(ContextBeanInstance.java:90)
	at org.jboss.weld.bean.proxy.ProxyMethodHandler.invoke(ProxyMethodHandler.java:79)
	at br.gov.frameworkdemoiselle.internal.producer.RequestEntityManagerStore$Proxy$_$$_WeldClientProxy.getCache(RequestEntityManagerStore$Proxy$_$$_WeldClientProxy.java)
	at br.gov.frameworkdemoiselle.internal.producer.EntityManagerProducer.getCache(EntityManagerProducer.java:170)
	at br.gov.frameworkdemoiselle.internal.producer.EntityManagerProducer$Proxy$_$$_WeldClientProxy.getCache(EntityManagerProducer$Proxy$_$$_WeldClientProxy.java)
	at br.gov.frameworkdemoiselle.transaction.JPATransaction.getDelegate(JPATransaction.java:72)
	at br.gov.frameworkdemoiselle.transaction.JPATransaction.isActive(JPATransaction.java:128)
	at br.gov.frameworkdemoiselle.transaction.TransactionalInterceptor.initiate(TransactionalInterceptor.java:135)
	at br.gov.frameworkdemoiselle.transaction.TransactionalInterceptor.manage(TransactionalInterceptor.java:114)
	at sun.reflect.NativeMethodAccessorImpl.invoke0(Native Method)
	at sun.reflect.NativeMethodAccessorImpl.invoke(NativeMethodAccessorImpl.java:57)
	at sun.reflect.DelegatingMethodAccessorImpl.invoke(DelegatingMethodAccessorImpl.java:43)
	at java.lang.reflect.Method.invoke(Method.java:601)
	at org.jboss.weld.interceptor.proxy.SimpleMethodInvocation.invoke(SimpleMethodInvocation.java:30)
	at org.jboss.weld.interceptor.proxy.SimpleInterceptionChain.invokeNextInterceptor(SimpleInterceptionChain.java:68)
	at org.jboss.weld.interceptor.proxy.InterceptorMethodHandler.executeInterception(InterceptorMethodHandler.java:112)
	at org.jboss.weld.interceptor.proxy.InterceptorMethodHandler.invoke(InterceptorMethodHandler.java:88)
	at org.jboss.weld.bean.proxy.CombinedInterceptorAndDecoratorStackMethodHandler.invoke(CombinedInterceptorAndDecoratorStackMethodHandler.java:53)
	at br.org.vilicum.business.PerfilBC$Proxy$_$$_WeldSubclass.load(PerfilBC$Proxy$_$$_WeldSubclass.java)
	at sun.reflect.NativeMethodAccessorImpl.invoke0(Native Method)
	at sun.reflect.NativeMethodAccessorImpl.invoke(NativeMethodAccessorImpl.java:57)
	at sun.reflect.DelegatingMethodAccessorImpl.invoke(DelegatingMethodAccessorImpl.java:43)
	at java.lang.reflect.Method.invoke(Method.java:601)
	at br.gov.frameworkdemoiselle.internal.implementation.AnnotatedMethodProcessor.process(AnnotatedMethodProcessor.java:91)
	at br.gov.frameworkdemoiselle.internal.bootstrap.AbstractLifecycleBootstrap.proccessEvent(AbstractLifecycleBootstrap.java:133)
	at br.gov.frameworkdemoiselle.internal.bootstrap.StartupBootstrap.startup(StartupBootstrap.java:64)
	at sun.reflect.NativeMethodAccessorImpl.invoke0(Native Method)
	at sun.reflect.NativeMethodAccessorImpl.invoke(NativeMethodAccessorImpl.java:57)
	at sun.reflect.DelegatingMethodAccessorImpl.invoke(DelegatingMethodAccessorImpl.java:43)
	at java.lang.reflect.Method.invoke(Method.java:601)
	at org.jboss.weld.util.reflection.SecureReflections$13.work(SecureReflections.java:267)
	at org.jboss.weld.util.reflection.SecureReflectionAccess.run(SecureReflectionAccess.java:52)
	at org.jboss.weld.util.reflection.SecureReflectionAccess.runAsInvocation(SecureReflectionAccess.java:137)
	at org.jboss.weld.util.reflection.SecureReflections.invoke(SecureReflections.java:263)
	at org.jboss.weld.introspector.jlr.WeldMethodImpl.invokeOnInstance(WeldMethodImpl.java:170)
	at org.jboss.weld.introspector.ForwardingWeldMethod.invokeOnInstance(ForwardingWeldMethod.java:51)
	at org.jboss.weld.injection.MethodInjectionPoint.invokeOnInstanceWithSpecialValue(MethodInjectionPoint.java:154)
	at org.jboss.weld.event.ObserverMethodImpl.sendEvent(ObserverMethodImpl.java:245)
	at org.jboss.weld.event.ObserverMethodImpl.sendEvent(ObserverMethodImpl.java:233)
	at org.jboss.weld.event.ObserverMethodImpl.notify(ObserverMethodImpl.java:213)
	at org.jboss.weld.manager.BeanManagerImpl.notifyObservers(BeanManagerImpl.java:590)
	at org.jboss.weld.manager.BeanManagerImpl.fireEvent(BeanManagerImpl.java:580)
	at org.jboss.weld.manager.BeanManagerImpl.fireEvent(BeanManagerImpl.java:575)
	at br.gov.frameworkdemoiselle.junit.DemoiselleRunner.startup(DemoiselleRunner.java:83)
	at br.gov.frameworkdemoiselle.junit.DemoiselleRunner.run(DemoiselleRunner.java:72)
	at org.apache.maven.surefire.junit4.JUnit4TestSet.execute(JUnit4TestSet.java:53)
	at org.apache.maven.surefire.junit4.JUnit4Provider.executeTestSet(JUnit4Provider.java:123)
	at org.apache.maven.surefire.junit4.JUnit4Provider.invoke(JUnit4Provider.java:104)
	at sun.reflect.NativeMethodAccessorImpl.invoke0(Native Method)
	at sun.reflect.NativeMethodAccessorImpl.invoke(NativeMethodAccessorImpl.java:57)
	at sun.reflect.DelegatingMethodAccessorImpl.invoke(DelegatingMethodAccessorImpl.java:43)
	at java.lang.reflect.Method.invoke(Method.java:601)
	at org.apache.maven.surefire.util.ReflectionUtils.invokeMethodWithArray(ReflectionUtils.java:164)
	at org.apache.maven.surefire.booter.ProviderFactory$ProviderProxy.invoke(ProviderFactory.java:110)
	at org.apache.maven.surefire.booter.SurefireStarter.invokeProvider(SurefireStarter.java:175)
	at org.apache.maven.surefire.booter.SurefireStarter.runSuitesInProcessWhenForked(SurefireStarter.java:107)
	at org.apache.maven.surefire.booter.ForkedBooter.main(ForkedBooter.java:68)

7416 INFO  br.gov.frameworkdemoiselle.internal.implementation.AnnotatedMethodProcessor - Processando: public void br.org.vilicum.business.UsuarioBC.load()
[EL Info]: 2014-06-01 17:29:29.297--ServerSession(13871446)--Thread(Thread[main,5,main])--EclipseLink, version: Eclipse Persistence Services - 2.1.0.v20100614-r7608
[EL Severe]: 2014-06-01 17:29:29.298--ServerSession(13871446)--Thread(Thread[main,5,main])--Local Exception Stack: 
Exception [EclipseLink-4003] (Eclipse Persistence Services - 2.1.0.v20100614-r7608): org.eclipse.persistence.exceptions.DatabaseException
Exception Description: Configuration error.  Class [com.mysql.jdbc.Driver] not found.
	at org.eclipse.persistence.exceptions.DatabaseException.configurationErrorClassNotFound(DatabaseException.java:82)
	at org.eclipse.persistence.sessions.DefaultConnector.loadDriverClass(DefaultConnector.java:267)
	at org.eclipse.persistence.sessions.DefaultConnector.connect(DefaultConnector.java:85)
	at org.eclipse.persistence.sessions.DatasourceLogin.connectToDatasource(DatasourceLogin.java:162)
	at org.eclipse.persistence.internal.sessions.DatabaseSessionImpl.loginAndDetectDatasource(DatabaseSessionImpl.java:579)
	at org.eclipse.persistence.internal.jpa.EntityManagerFactoryProvider.login(EntityManagerFactoryProvider.java:228)
	at org.eclipse.persistence.internal.jpa.EntityManagerSetupImpl.deploy(EntityManagerSetupImpl.java:380)
	at org.eclipse.persistence.internal.jpa.EntityManagerFactoryImpl.getServerSession(EntityManagerFactoryImpl.java:157)
	at org.eclipse.persistence.internal.jpa.EntityManagerFactoryImpl.createEntityManagerImpl(EntityManagerFactoryImpl.java:214)
	at org.eclipse.persistence.internal.jpa.EntityManagerFactoryImpl.createEntityManager(EntityManagerFactoryImpl.java:202)
	at br.gov.frameworkdemoiselle.internal.producer.AbstractEntityManagerStore.getEntityManager(AbstractEntityManagerStore.java:82)
	at br.gov.frameworkdemoiselle.internal.producer.AbstractEntityManagerStore.init(AbstractEntityManagerStore.java:94)
	at br.gov.frameworkdemoiselle.internal.producer.RequestEntityManagerStore.initialize(RequestEntityManagerStore.java:58)
	at sun.reflect.NativeMethodAccessorImpl.invoke0(Native Method)
	at sun.reflect.NativeMethodAccessorImpl.invoke(NativeMethodAccessorImpl.java:57)
	at sun.reflect.DelegatingMethodAccessorImpl.invoke(DelegatingMethodAccessorImpl.java:43)
	at java.lang.reflect.Method.invoke(Method.java:601)
	at org.jboss.weld.util.reflection.SecureReflections$13.work(SecureReflections.java:267)
	at org.jboss.weld.util.reflection.SecureReflectionAccess.run(SecureReflectionAccess.java:52)
	at org.jboss.weld.util.reflection.SecureReflectionAccess.runAsInvocation(SecureReflectionAccess.java:137)
	at org.jboss.weld.util.reflection.SecureReflections.invoke(SecureReflections.java:263)
	at org.jboss.weld.introspector.jlr.WeldMethodImpl.invoke(WeldMethodImpl.java:174)
	at org.jboss.weld.bean.AbstractClassBean.defaultPostConstruct(AbstractClassBean.java:398)
	at org.jboss.weld.bean.ManagedBean$ManagedBeanInjectionTarget.postConstruct(ManagedBean.java:174)
	at org.jboss.weld.bean.ManagedBean.create(ManagedBean.java:294)
	at br.gov.frameworkdemoiselle.internal.context.AbstractCustomContext.get(AbstractCustomContext.java:98)
	at org.jboss.weld.bean.proxy.ContextBeanInstance.getInstance(ContextBeanInstance.java:90)
	at org.jboss.weld.bean.proxy.ProxyMethodHandler.invoke(ProxyMethodHandler.java:79)
	at br.gov.frameworkdemoiselle.internal.producer.RequestEntityManagerStore$Proxy$_$$_WeldClientProxy.getCache(RequestEntityManagerStore$Proxy$_$$_WeldClientProxy.java)
	at br.gov.frameworkdemoiselle.internal.producer.EntityManagerProducer.getCache(EntityManagerProducer.java:170)
	at br.gov.frameworkdemoiselle.internal.producer.EntityManagerProducer$Proxy$_$$_WeldClientProxy.getCache(EntityManagerProducer$Proxy$_$$_WeldClientProxy.java)
	at br.gov.frameworkdemoiselle.transaction.JPATransaction.getDelegate(JPATransaction.java:72)
	at br.gov.frameworkdemoiselle.transaction.JPATransaction.isActive(JPATransaction.java:128)
	at br.gov.frameworkdemoiselle.transaction.TransactionalInterceptor.initiate(TransactionalInterceptor.java:135)
	at br.gov.frameworkdemoiselle.transaction.TransactionalInterceptor.manage(TransactionalInterceptor.java:114)
	at sun.reflect.NativeMethodAccessorImpl.invoke0(Native Method)
	at sun.reflect.NativeMethodAccessorImpl.invoke(NativeMethodAccessorImpl.java:57)
	at sun.reflect.DelegatingMethodAccessorImpl.invoke(DelegatingMethodAccessorImpl.java:43)
	at java.lang.reflect.Method.invoke(Method.java:601)
	at org.jboss.weld.interceptor.proxy.SimpleMethodInvocation.invoke(SimpleMethodInvocation.java:30)
	at org.jboss.weld.interceptor.proxy.SimpleInterceptionChain.invokeNextInterceptor(SimpleInterceptionChain.java:68)
	at org.jboss.weld.interceptor.proxy.InterceptorMethodHandler.executeInterception(InterceptorMethodHandler.java:112)
	at org.jboss.weld.interceptor.proxy.InterceptorMethodHandler.invoke(InterceptorMethodHandler.java:88)
	at org.jboss.weld.bean.proxy.CombinedInterceptorAndDecoratorStackMethodHandler.invoke(CombinedInterceptorAndDecoratorStackMethodHandler.java:53)
	at br.org.vilicum.business.UsuarioBC$Proxy$_$$_WeldSubclass.load(UsuarioBC$Proxy$_$$_WeldSubclass.java)
	at sun.reflect.NativeMethodAccessorImpl.invoke0(Native Method)
	at sun.reflect.NativeMethodAccessorImpl.invoke(NativeMethodAccessorImpl.java:57)
	at sun.reflect.DelegatingMethodAccessorImpl.invoke(DelegatingMethodAccessorImpl.java:43)
	at java.lang.reflect.Method.invoke(Method.java:601)
	at br.gov.frameworkdemoiselle.internal.implementation.AnnotatedMethodProcessor.process(AnnotatedMethodProcessor.java:91)
	at br.gov.frameworkdemoiselle.internal.bootstrap.AbstractLifecycleBootstrap.proccessEvent(AbstractLifecycleBootstrap.java:133)
	at br.gov.frameworkdemoiselle.internal.bootstrap.StartupBootstrap.startup(StartupBootstrap.java:64)
	at sun.reflect.NativeMethodAccessorImpl.invoke0(Native Method)
	at sun.reflect.NativeMethodAccessorImpl.invoke(NativeMethodAccessorImpl.java:57)
	at sun.reflect.DelegatingMethodAccessorImpl.invoke(DelegatingMethodAccessorImpl.java:43)
	at java.lang.reflect.Method.invoke(Method.java:601)
	at org.jboss.weld.util.reflection.SecureReflections$13.work(SecureReflections.java:267)
	at org.jboss.weld.util.reflection.SecureReflectionAccess.run(SecureReflectionAccess.java:52)
	at org.jboss.weld.util.reflection.SecureReflectionAccess.runAsInvocation(SecureReflectionAccess.java:137)
	at org.jboss.weld.util.reflection.SecureReflections.invoke(SecureReflections.java:263)
	at org.jboss.weld.introspector.jlr.WeldMethodImpl.invokeOnInstance(WeldMethodImpl.java:170)
	at org.jboss.weld.introspector.ForwardingWeldMethod.invokeOnInstance(ForwardingWeldMethod.java:51)
	at org.jboss.weld.injection.MethodInjectionPoint.invokeOnInstanceWithSpecialValue(MethodInjectionPoint.java:154)
	at org.jboss.weld.event.ObserverMethodImpl.sendEvent(ObserverMethodImpl.java:245)
	at org.jboss.weld.event.ObserverMethodImpl.sendEvent(ObserverMethodImpl.java:233)
	at org.jboss.weld.event.ObserverMethodImpl.notify(ObserverMethodImpl.java:213)
	at org.jboss.weld.manager.BeanManagerImpl.notifyObservers(BeanManagerImpl.java:590)
	at org.jboss.weld.manager.BeanManagerImpl.fireEvent(BeanManagerImpl.java:580)
	at org.jboss.weld.manager.BeanManagerImpl.fireEvent(BeanManagerImpl.java:575)
	at br.gov.frameworkdemoiselle.junit.DemoiselleRunner.startup(DemoiselleRunner.java:83)
	at br.gov.frameworkdemoiselle.junit.DemoiselleRunner.run(DemoiselleRunner.java:72)
	at org.apache.maven.surefire.junit4.JUnit4TestSet.execute(JUnit4TestSet.java:53)
	at org.apache.maven.surefire.junit4.JUnit4Provider.executeTestSet(JUnit4Provider.java:123)
	at org.apache.maven.surefire.junit4.JUnit4Provider.invoke(JUnit4Provider.java:104)
	at sun.reflect.NativeMethodAccessorImpl.invoke0(Native Method)
	at sun.reflect.NativeMethodAccessorImpl.invoke(NativeMethodAccessorImpl.java:57)
	at sun.reflect.DelegatingMethodAccessorImpl.invoke(DelegatingMethodAccessorImpl.java:43)
	at java.lang.reflect.Method.invoke(Method.java:601)
	at org.apache.maven.surefire.util.ReflectionUtils.invokeMethodWithArray(ReflectionUtils.java:164)
	at org.apache.maven.surefire.booter.ProviderFactory$ProviderProxy.invoke(ProviderFactory.java:110)
	at org.apache.maven.surefire.booter.SurefireStarter.invokeProvider(SurefireStarter.java:175)
	at org.apache.maven.surefire.booter.SurefireStarter.runSuitesInProcessWhenForked(SurefireStarter.java:107)
	at org.apache.maven.surefire.booter.ForkedBooter.main(ForkedBooter.java:68)

</system-out>
  </testcase>
</testsuite>