<?xml version="1.0" encoding="UTF-8" ?>
<testsuite failures="0" time="1.005" errors="1" skipped="0" tests="1" name="br.org.vilicum.business.BookmarkBCTest">
  <properties>
[...]
</properties>
  <testcase time="1.065" classname="org.apache.maven.surefire.junit4.JUnit4Provider" name="br.org.vilicum.business.BookmarkBCTest">
    <error message="org.jboss.weld.exceptions.WeldException: WELD-000049 Unable to invoke [method] @PostConstruct public br.gov.frameworkdemoiselle.internal.producer.RequestEntityManagerStore.initialize() on br.gov.frameworkdemoiselle.internal.producer.RequestEntityManagerStore@d54304" type="br.gov.frameworkdemoiselle.DemoiselleException">br.gov.frameworkdemoiselle.DemoiselleException: org.jboss.weld.exceptions.WeldException: WELD-000049 Unable to invoke [method] @PostConstruct public br.gov.frameworkdemoiselle.internal.producer.RequestEntityManagerStore.initialize() on br.gov.frameworkdemoiselle.internal.producer.RequestEntityManagerStore@d54304
	at br.gov.frameworkdemoiselle.internal.bootstrap.AbstractLifecycleBootstrap.proccessEvent(AbstractLifecycleBootstrap.java:145)
	at br.gov.frameworkdemoiselle.internal.bootstrap.StartupBootstrap.startup(StartupBootstrap.java:64)
	at sun.reflect.NativeMethodAccessorImpl.invoke0(Native Method)
	at sun.reflect.NativeMethodAccessorImpl.invoke(NativeMethodAccessorImpl.java:57)
	at sun.reflect.DelegatingMethodAccessorImpl.invoke(DelegatingMethodAccessorImpl.java:43)
	at java.lang.reflect.Method.invoke(Method.java:601)
	at org.jboss.weld.util.reflection.SecureReflections$13.work(SecureReflections.java:267)
	at org.jboss.weld.util.reflection.SecureReflectionAccess.run(SecureReflectionAccess.java:52)
	at org.jboss.weld.util.reflection.SecureReflectionAccess.runAsInvocation(SecureReflectionAccess.java:137)
	at org.jboss.weld.util.reflection.SecureReflections.invoke(SecureReflections.java:263)
	at org.jboss.weld.introspector.jlr.WeldMethodImpl.invokeOnInstance(WeldMethodImpl.java:170)
	at org.jboss.weld.introspector.ForwardingWeldMethod.invokeOnInstance(ForwardingWeldMethod.java:51)
	at org.jboss.weld.injection.MethodInjectionPoint.invokeOnInstanceWithSpecialValue(MethodInjectionPoint.java:154)
	at org.jboss.weld.event.ObserverMethodImpl.sendEvent(ObserverMethodImpl.java:245)
	at org.jboss.weld.event.ObserverMethodImpl.sendEvent(ObserverMethodImpl.java:233)
	at org.jboss.weld.event.ObserverMethodImpl.notify(ObserverMethodImpl.java:213)
	at org.jboss.weld.manager.BeanManagerImpl.notifyObservers(BeanManagerImpl.java:590)
	at org.jboss.weld.manager.BeanManagerImpl.fireEvent(BeanManagerImpl.java:580)
	at org.jboss.weld.manager.BeanManagerImpl.fireEvent(BeanManagerImpl.java:575)
	at br.gov.frameworkdemoiselle.junit.DemoiselleRunner.startup(DemoiselleRunner.java:83)
	at br.gov.frameworkdemoiselle.junit.DemoiselleRunner.run(DemoiselleRunner.java:72)
	at org.apache.maven.surefire.junit4.JUnit4TestSet.execute(JUnit4TestSet.java:53)
	at org.apache.maven.surefire.junit4.JUnit4Provider.executeTestSet(JUnit4Provider.java:123)
	at org.apache.maven.surefire.junit4.JUnit4Provider.invoke(JUnit4Provider.java:104)
	at sun.reflect.NativeMethodAccessorImpl.invoke0(Native Method)
	at sun.reflect.NativeMethodAccessorImpl.invoke(NativeMethodAccessorImpl.java:57)
	at sun.reflect.DelegatingMethodAccessorImpl.invoke(DelegatingMethodAccessorImpl.java:43)
	at java.lang.reflect.Method.invoke(Method.java:601)
	at org.apache.maven.surefire.util.ReflectionUtils.invokeMethodWithArray(ReflectionUtils.java:164)
	at org.apache.maven.surefire.booter.ProviderFactory$ProviderProxy.invoke(ProviderFactory.java:110)
	at org.apache.maven.surefire.booter.SurefireStarter.invokeProvider(SurefireStarter.java:175)
	at org.apache.maven.surefire.booter.SurefireStarter.runSuitesInProcessWhenForked(SurefireStarter.java:107)
	at org.apache.maven.surefire.booter.ForkedBooter.main(ForkedBooter.java:68)
Caused by: org.jboss.weld.exceptions.WeldException: WELD-000049 Unable to invoke [method] @PostConstruct public br.gov.frameworkdemoiselle.internal.producer.RequestEntityManagerStore.initialize() on br.gov.frameworkdemoiselle.internal.producer.RequestEntityManagerStore@d54304
	at org.jboss.weld.bean.AbstractClassBean.defaultPostConstruct(AbstractClassBean.java:400)
	at org.jboss.weld.bean.ManagedBean$ManagedBeanInjectionTarget.postConstruct(ManagedBean.java:174)
	at org.jboss.weld.bean.ManagedBean.create(ManagedBean.java:294)
	at br.gov.frameworkdemoiselle.internal.context.AbstractCustomContext.get(AbstractCustomContext.java:98)
	at org.jboss.weld.bean.proxy.ContextBeanInstance.getInstance(ContextBeanInstance.java:90)
	at org.jboss.weld.bean.proxy.ProxyMethodHandler.invoke(ProxyMethodHandler.java:79)
	at br.gov.frameworkdemoiselle.internal.producer.RequestEntityManagerStore$Proxy$_$$_WeldClientProxy.getCache(RequestEntityManagerStore$Proxy$_$$_WeldClientProxy.java)
	at br.gov.frameworkdemoiselle.internal.producer.EntityManagerProducer.getCache(EntityManagerProducer.java:170)
	at br.gov.frameworkdemoiselle.internal.producer.EntityManagerProducer$Proxy$_$$_WeldClientProxy.getCache(EntityManagerProducer$Proxy$_$$_WeldClientProxy.java)
	at br.gov.frameworkdemoiselle.transaction.JPATransaction.getDelegate(JPATransaction.java:72)
	at br.gov.frameworkdemoiselle.transaction.JPATransaction.isActive(JPATransaction.java:128)
	at br.gov.frameworkdemoiselle.transaction.TransactionalInterceptor.initiate(TransactionalInterceptor.java:135)
	at br.gov.frameworkdemoiselle.transaction.TransactionalInterceptor.manage(TransactionalInterceptor.java:114)
	at sun.reflect.NativeMethodAccessorImpl.invoke0(Native Method)
	at sun.reflect.NativeMethodAccessorImpl.invoke(NativeMethodAccessorImpl.java:57)
	at sun.reflect.DelegatingMethodAccessorImpl.invoke(DelegatingMethodAccessorImpl.java:43)
	at java.lang.reflect.Method.invoke(Method.java:601)
	at org.jboss.weld.interceptor.proxy.SimpleMethodInvocation.invoke(SimpleMethodInvocation.java:30)
	at org.jboss.weld.interceptor.proxy.SimpleInterceptionChain.invokeNextInterceptor(SimpleInterceptionChain.java:68)
	at org.jboss.weld.interceptor.proxy.InterceptorMethodHandler.executeInterception(InterceptorMethodHandler.java:112)
	at org.jboss.weld.interceptor.proxy.InterceptorMethodHandler.invoke(InterceptorMethodHandler.java:88)
	at org.jboss.weld.bean.proxy.CombinedInterceptorAndDecoratorStackMethodHandler.invoke(CombinedInterceptorAndDecoratorStackMethodHandler.java:53)
	at br.org.vilicum.business.UsuarioBC$Proxy$_$$_WeldSubclass.load(UsuarioBC$Proxy$_$$_WeldSubclass.java)
	at sun.reflect.NativeMethodAccessorImpl.invoke0(Native Method)
	at sun.reflect.NativeMethodAccessorImpl.invoke(NativeMethodAccessorImpl.java:57)
	at sun.reflect.DelegatingMethodAccessorImpl.invoke(DelegatingMethodAccessorImpl.java:43)
	at java.lang.reflect.Method.invoke(Method.java:601)
	at br.gov.frameworkdemoiselle.internal.implementation.AnnotatedMethodProcessor.process(AnnotatedMethodProcessor.java:91)
	at br.gov.frameworkdemoiselle.internal.bootstrap.AbstractLifecycleBootstrap.proccessEvent(AbstractLifecycleBootstrap.java:133)
	... 32 more
Caused by: java.lang.reflect.InvocationTargetException
	at sun.reflect.NativeMethodAccessorImpl.invoke0(Native Method)
	at sun.reflect.NativeMethodAccessorImpl.invoke(NativeMethodAccessorImpl.java:57)
	at sun.reflect.DelegatingMethodAccessorImpl.invoke(DelegatingMethodAccessorImpl.java:43)
	at java.lang.reflect.Method.invoke(Method.java:601)
	at org.jboss.weld.util.reflection.SecureReflections$13.work(SecureReflections.java:267)
	at org.jboss.weld.util.reflection.SecureReflectionAccess.run(SecureReflectionAccess.java:52)
	at org.jboss.weld.util.reflection.SecureReflectionAccess.runAsInvocation(SecureReflectionAccess.java:137)
	at org.jboss.weld.util.reflection.SecureReflections.invoke(SecureReflections.java:263)
	at org.jboss.weld.introspector.jlr.WeldMethodImpl.invoke(WeldMethodImpl.java:174)
	at org.jboss.weld.bean.AbstractClassBean.defaultPostConstruct(AbstractClassBean.java:398)
	... 60 more
Caused by: javax.persistence.PersistenceException: Exception [EclipseLink-4003] (Eclipse Persistence Services - 2.1.0.v20100614-r7608): org.eclipse.persistence.exceptions.DatabaseException
Exception Description: Configuration error.  Class [com.mysql.jdbc.Driver] not found.
	at org.eclipse.persistence.internal.jpa.EntityManagerSetupImpl.deploy(EntityManagerSetupImpl.java:408)
	at org.eclipse.persistence.internal.jpa.EntityManagerFactoryImpl.getServerSession(EntityManagerFactoryImpl.java:157)
	at org.eclipse.persistence.internal.jpa.EntityManagerFactoryImpl.createEntityManagerImpl(EntityManagerFactoryImpl.java:214)
	at org.eclipse.persistence.internal.jpa.EntityManagerFactoryImpl.createEntityManager(EntityManagerFactoryImpl.java:202)
	at br.gov.frameworkdemoiselle.internal.producer.AbstractEntityManagerStore.getEntityManager(AbstractEntityManagerStore.java:82)
	at br.gov.frameworkdemoiselle.internal.producer.AbstractEntityManagerStore.init(AbstractEntityManagerStore.java:94)
	at br.gov.frameworkdemoiselle.internal.producer.RequestEntityManagerStore.initialize(RequestEntityManagerStore.java:58)
	... 70 more
Caused by: Exception [EclipseLink-4003] (Eclipse Persistence Services - 2.1.0.v20100614-r7608): org.eclipse.persistence.exceptions.DatabaseException
Exception Description: Configuration error.  Class [com.mysql.jdbc.Driver] not found.
	at org.eclipse.persistence.exceptions.DatabaseException.configurationErrorClassNotFound(DatabaseException.java:82)
	at org.eclipse.persistence.sessions.DefaultConnector.loadDriverClass(DefaultConnector.java:267)
	at org.eclipse.persistence.sessions.DefaultConnector.connect(DefaultConnector.java:85)
	at org.eclipse.persistence.sessions.DatasourceLogin.connectToDatasource(DatasourceLogin.java:162)
	at org.eclipse.persistence.internal.sessions.DatabaseSessionImpl.loginAndDetectDatasource(DatabaseSessionImpl.java:579)
	at org.eclipse.persistence.internal.jpa.EntityManagerFactoryProvider.login(EntityManagerFactoryProvider.java:228)
	at org.eclipse.persistence.internal.jpa.EntityManagerSetupImpl.deploy(EntityManagerSetupImpl.java:380)
	... 76 more
Caused by: org.jboss.weld.exceptions.WeldException: WELD-000049 Unable to invoke [method] @PostConstruct public br.gov.frameworkdemoiselle.internal.producer.RequestEntityManagerStore.initialize() on br.gov.frameworkdemoiselle.internal.producer.RequestEntityManagerStore@d54304
	at org.jboss.weld.bean.AbstractClassBean.defaultPostConstruct(AbstractClassBean.java:400)
	at org.jboss.weld.bean.ManagedBean$ManagedBeanInjectionTarget.postConstruct(ManagedBean.java:174)
	at org.jboss.weld.bean.ManagedBean.create(ManagedBean.java:294)
	at br.gov.frameworkdemoiselle.internal.context.AbstractCustomContext.get(AbstractCustomContext.java:98)
	at org.jboss.weld.bean.proxy.ContextBeanInstance.getInstance(ContextBeanInstance.java:90)
	at org.jboss.weld.bean.proxy.ProxyMethodHandler.invoke(ProxyMethodHandler.java:79)
	at br.gov.frameworkdemoiselle.internal.producer.RequestEntityManagerStore$Proxy$_$$_WeldClientProxy.getCache(RequestEntityManagerStore$Proxy$_$$_WeldClientProxy.java)
	at br.gov.frameworkdemoiselle.internal.producer.EntityManagerProducer.getCache(EntityManagerProducer.java:170)
	at br.gov.frameworkdemoiselle.internal.producer.EntityManagerProducer$Proxy$_$$_WeldClientProxy.getCache(EntityManagerProducer$Proxy$_$$_WeldClientProxy.java)
	at br.gov.frameworkdemoiselle.transaction.JPATransaction.getDelegate(JPATransaction.java:72)
	at br.gov.frameworkdemoiselle.transaction.JPATransaction.isActive(JPATransaction.java:128)
	at br.gov.frameworkdemoiselle.transaction.TransactionalInterceptor.initiate(TransactionalInterceptor.java:135)
	at br.gov.frameworkdemoiselle.transaction.TransactionalInterceptor.manage(TransactionalInterceptor.java:114)
	at sun.reflect.NativeMethodAccessorImpl.invoke0(Native Method)
	at sun.reflect.NativeMethodAccessorImpl.invoke(NativeMethodAccessorImpl.java:57)
	at sun.reflect.DelegatingMethodAccessorImpl.invoke(DelegatingMethodAccessorImpl.java:43)
	at java.lang.reflect.Method.invoke(Method.java:601)
	at org.jboss.weld.interceptor.proxy.SimpleMethodInvocation.invoke(SimpleMethodInvocation.java:30)
	at org.jboss.weld.interceptor.proxy.SimpleInterceptionChain.invokeNextInterceptor(SimpleInterceptionChain.java:68)
	at org.jboss.weld.interceptor.proxy.InterceptorMethodHandler.executeInterception(InterceptorMethodHandler.java:112)
	at org.jboss.weld.interceptor.proxy.InterceptorMethodHandler.invoke(InterceptorMethodHandler.java:88)
	at org.jboss.weld.bean.proxy.CombinedInterceptorAndDecoratorStackMethodHandler.invoke(CombinedInterceptorAndDecoratorStackMethodHandler.java:53)
	at br.org.vilicum.business.UsuarioBC$Proxy$_$$_WeldSubclass.load(UsuarioBC$Proxy$_$$_WeldSubclass.java)
	at sun.reflect.NativeMethodAccessorImpl.invoke0(Native Method)
	at sun.reflect.NativeMethodAccessorImpl.invoke(NativeMethodAccessorImpl.java:57)
	at sun.reflect.DelegatingMethodAccessorImpl.invoke(DelegatingMethodAccessorImpl.java:43)
	at java.lang.reflect.Method.invoke(Method.java:601)
	at br.gov.frameworkdemoiselle.internal.implementation.AnnotatedMethodProcessor.process(AnnotatedMethodProcessor.java:91)
	at br.gov.frameworkdemoiselle.internal.bootstrap.AbstractLifecycleBootstrap.proccessEvent(AbstractLifecycleBootstrap.java:133)
	... 32 more
Caused by: java.lang.reflect.InvocationTargetException
	at sun.reflect.NativeMethodAccessorImpl.invoke0(Native Method)
	at sun.reflect.NativeMethodAccessorImpl.invoke(NativeMethodAccessorImpl.java:57)
	at sun.reflect.DelegatingMethodAccessorImpl.invoke(DelegatingMethodAccessorImpl.java:43)
	at java.lang.reflect.Method.invoke(Method.java:601)
	at org.jboss.weld.util.reflection.SecureReflections$13.work(SecureReflections.java:267)
	at org.jboss.weld.util.reflection.SecureReflectionAccess.run(SecureReflectionAccess.java:52)
	at org.jboss.weld.util.reflection.SecureReflectionAccess.runAsInvocation(SecureReflectionAccess.java:137)
	at org.jboss.weld.util.reflection.SecureReflections.invoke(SecureReflections.java:263)
	at org.jboss.weld.introspector.jlr.WeldMethodImpl.invoke(WeldMethodImpl.java:174)
	at org.jboss.weld.bean.AbstractClassBean.defaultPostConstruct(AbstractClassBean.java:398)
	... 60 more
Caused by: javax.persistence.PersistenceException: Exception [EclipseLink-4003] (Eclipse Persistence Services - 2.1.0.v20100614-r7608): org.eclipse.persistence.exceptions.DatabaseException
Exception Description: Configuration error.  Class [com.mysql.jdbc.Driver] not found.
	at org.eclipse.persistence.internal.jpa.EntityManagerSetupImpl.deploy(EntityManagerSetupImpl.java:408)
	at org.eclipse.persistence.internal.jpa.EntityManagerFactoryImpl.getServerSession(EntityManagerFactoryImpl.java:157)
	at org.eclipse.persistence.internal.jpa.EntityManagerFactoryImpl.createEntityManagerImpl(EntityManagerFactoryImpl.java:214)
	at org.eclipse.persistence.internal.jpa.EntityManagerFactoryImpl.createEntityManager(EntityManagerFactoryImpl.java:202)
	at br.gov.frameworkdemoiselle.internal.producer.AbstractEntityManagerStore.getEntityManager(AbstractEntityManagerStore.java:82)
	at br.gov.frameworkdemoiselle.internal.producer.AbstractEntityManagerStore.init(AbstractEntityManagerStore.java:94)
	at br.gov.frameworkdemoiselle.internal.producer.RequestEntityManagerStore.initialize(RequestEntityManagerStore.java:58)
	... 70 more
Caused by: Exception [EclipseLink-4003] (Eclipse Persistence Services - 2.1.0.v20100614-r7608): org.eclipse.persistence.exceptions.DatabaseException
Exception Description: Configuration error.  Class [com.mysql.jdbc.Driver] not found.
	at org.eclipse.persistence.exceptions.DatabaseException.configurationErrorClassNotFound(DatabaseException.java:82)
	at org.eclipse.persistence.sessions.DefaultConnector.loadDriverClass(DefaultConnector.java:267)
	at org.eclipse.persistence.sessions.DefaultConnector.connect(DefaultConnector.java:85)
	at org.eclipse.persistence.sessions.DatasourceLogin.connectToDatasource(DatasourceLogin.java:162)
	at org.eclipse.persistence.internal.sessions.DatabaseSessionImpl.loginAndDetectDatasource(DatabaseSessionImpl.java:579)
	at org.eclipse.persistence.internal.jpa.EntityManagerFactoryProvider.login(EntityManagerFactoryProvider.java:228)
	at org.eclipse.persistence.internal.jpa.EntityManagerSetupImpl.deploy(EntityManagerSetupImpl.java:380)
	... 76 more
</error>
    <system-out>7581 INFO  org.jboss.weld.Bootstrap - WELD-000101 Transactional services not available. Injection of @Inject UserTransaction not available. Transactional observers will be invoked synchronously.
7599 INFO  br.gov.frameworkdemoiselle.internal.bootstrap.CoreBootstrap - Ligando os motores do Demoiselle 2.4.0
7600 INFO  br.gov.frameworkdemoiselle.internal.bootstrap.CoreBootstrap - BeanManager disponível através do utilitário br.gov.frameworkdemoiselle.util.Beans
8141 WARN  org.jboss.weld.Reflection - Method getDelegate defined on class br.gov.frameworkdemoiselle.internal.proxy.FacesContextProxy will not be used for interception, since it is not defined according to the specification. It is annotated with @javax.annotation.PostConstruct, but does not have a void return type
8304 INFO  br.gov.frameworkdemoiselle.internal.bootstrap.CoreBootstrap - O Demoiselle 2.4.0 decolou
8311 INFO  br.gov.frameworkdemoiselle.internal.implementation.AnnotatedMethodProcessor - Processando: public void br.org.vilicum.business.AlertaBC.load()
[EL Config]: 2014-06-01 17:29:30.228--ServerSession(4391071)--Thread(Thread[main,5,main])--The access type for the persistent class [class br.org.vilicum.domain.Alerta] is set to [FIELD].
[EL Config]: 2014-06-01 17:29:30.23--ServerSession(4391071)--Thread(Thread[main,5,main])--The target entity (reference) class for the many to one mapping element [field congregacao] is being defaulted to: class br.org.vilicum.domain.Congregacao.
[EL Config]: 2014-06-01 17:29:30.233--ServerSession(4391071)--Thread(Thread[main,5,main])--The target entity (reference) class for the many to one mapping element [field executor] is being defaulted to: class br.org.vilicum.domain.Usuario.
[EL Config]: 2014-06-01 17:29:30.234--ServerSession(4391071)--Thread(Thread[main,5,main])--The access type for the persistent class [class br.org.vilicum.domain.Bookmark] is set to [FIELD].
[EL Config]: 2014-06-01 17:29:30.234--ServerSession(4391071)--Thread(Thread[main,5,main])--The alias name for the entity class [class br.org.vilicum.domain.Alerta] is being defaulted to: Alerta.
[EL Config]: 2014-06-01 17:29:30.235--ServerSession(4391071)--Thread(Thread[main,5,main])--The table name for entity [class br.org.vilicum.domain.Alerta] is being defaulted to: ALERTA.
[EL Config]: 2014-06-01 17:29:30.236--ServerSession(4391071)--Thread(Thread[main,5,main])--The column name for element [field validade] is being defaulted to: VALIDADE.
[EL Config]: 2014-06-01 17:29:30.237--ServerSession(4391071)--Thread(Thread[main,5,main])--The column name for element [field texto] is being defaulted to: TEXTO.
[EL Config]: 2014-06-01 17:29:30.237--ServerSession(4391071)--Thread(Thread[main,5,main])--The column name for element [field cadastro] is being defaulted to: CADASTRO.
[EL Config]: 2014-06-01 17:29:30.238--ServerSession(4391071)--Thread(Thread[main,5,main])--The column name for element [field idAlerta] is being defaulted to: IDALERTA.
[EL Config]: 2014-06-01 17:29:30.239--ServerSession(4391071)--Thread(Thread[main,5,main])--The column name for element [field execucao] is being defaulted to: EXECUCAO.
[EL Config]: 2014-06-01 17:29:30.239--ServerSession(4391071)--Thread(Thread[main,5,main])--The alias name for the entity class [class br.org.vilicum.domain.Bookmark] is being defaulted to: Bookmark.
[EL Config]: 2014-06-01 17:29:30.239--ServerSession(4391071)--Thread(Thread[main,5,main])--The table name for entity [class br.org.vilicum.domain.Bookmark] is being defaulted to: BOOKMARK.
[EL Config]: 2014-06-01 17:29:30.24--ServerSession(4391071)--Thread(Thread[main,5,main])--The column name for element [field id] is being defaulted to: ID.
[EL Config]: 2014-06-01 17:29:30.24--ServerSession(4391071)--Thread(Thread[main,5,main])--The column name for element [field description] is being defaulted to: DESCRIPTION.
[EL Config]: 2014-06-01 17:29:30.241--ServerSession(4391071)--Thread(Thread[main,5,main])--The column name for element [field link] is being defaulted to: LINK.
8387 INFO  br.gov.frameworkdemoiselle.internal.implementation.AnnotatedMethodProcessor - Processando: public void br.org.vilicum.business.BookmarkBC.load()
[EL Config]: 2014-06-01 17:29:30.307--ServerSession(4646180)--Thread(Thread[main,5,main])--The access type for the persistent class [class br.org.vilicum.domain.Alerta] is set to [FIELD].
[EL Config]: 2014-06-01 17:29:30.309--ServerSession(4646180)--Thread(Thread[main,5,main])--The target entity (reference) class for the many to one mapping element [field congregacao] is being defaulted to: class br.org.vilicum.domain.Congregacao.
[EL Config]: 2014-06-01 17:29:30.311--ServerSession(4646180)--Thread(Thread[main,5,main])--The target entity (reference) class for the many to one mapping element [field executor] is being defaulted to: class br.org.vilicum.domain.Usuario.
[EL Config]: 2014-06-01 17:29:30.312--ServerSession(4646180)--Thread(Thread[main,5,main])--The access type for the persistent class [class br.org.vilicum.domain.Bookmark] is set to [FIELD].
[EL Config]: 2014-06-01 17:29:30.313--ServerSession(4646180)--Thread(Thread[main,5,main])--The alias name for the entity class [class br.org.vilicum.domain.Alerta] is being defaulted to: Alerta.
[EL Config]: 2014-06-01 17:29:30.313--ServerSession(4646180)--Thread(Thread[main,5,main])--The table name for entity [class br.org.vilicum.domain.Alerta] is being defaulted to: ALERTA.
[EL Config]: 2014-06-01 17:29:30.321--ServerSession(4646180)--Thread(Thread[main,5,main])--The column name for element [field validade] is being defaulted to: VALIDADE.
[EL Config]: 2014-06-01 17:29:30.322--ServerSession(4646180)--Thread(Thread[main,5,main])--The column name for element [field texto] is being defaulted to: TEXTO.
[EL Config]: 2014-06-01 17:29:30.322--ServerSession(4646180)--Thread(Thread[main,5,main])--The column name for element [field cadastro] is being defaulted to: CADASTRO.
[EL Config]: 2014-06-01 17:29:30.323--ServerSession(4646180)--Thread(Thread[main,5,main])--The column name for element [field idAlerta] is being defaulted to: IDALERTA.
[EL Config]: 2014-06-01 17:29:30.324--ServerSession(4646180)--Thread(Thread[main,5,main])--The column name for element [field execucao] is being defaulted to: EXECUCAO.
[EL Config]: 2014-06-01 17:29:30.324--ServerSession(4646180)--Thread(Thread[main,5,main])--The alias name for the entity class [class br.org.vilicum.domain.Bookmark] is being defaulted to: Bookmark.
[EL Config]: 2014-06-01 17:29:30.324--ServerSession(4646180)--Thread(Thread[main,5,main])--The table name for entity [class br.org.vilicum.domain.Bookmark] is being defaulted to: BOOKMARK.
[EL Config]: 2014-06-01 17:29:30.325--ServerSession(4646180)--Thread(Thread[main,5,main])--The column name for element [field id] is being defaulted to: ID.
[EL Config]: 2014-06-01 17:29:30.325--ServerSession(4646180)--Thread(Thread[main,5,main])--The column name for element [field description] is being defaulted to: DESCRIPTION.
[EL Config]: 2014-06-01 17:29:30.325--ServerSession(4646180)--Thread(Thread[main,5,main])--The column name for element [field link] is being defaulted to: LINK.
8450 INFO  br.gov.frameworkdemoiselle.internal.implementation.AnnotatedMethodProcessor - Processando: public void br.org.vilicum.business.CongregacaoBC.load()
[EL Info]: 2014-06-01 17:29:30.357--ServerSession(13871446)--Thread(Thread[main,5,main])--EclipseLink, version: Eclipse Persistence Services - 2.1.0.v20100614-r7608
[EL Severe]: 2014-06-01 17:29:30.358--ServerSession(13871446)--Thread(Thread[main,5,main])--Local Exception Stack: 
Exception [EclipseLink-4003] (Eclipse Persistence Services - 2.1.0.v20100614-r7608): org.eclipse.persistence.exceptions.DatabaseException
Exception Description: Configuration error.  Class [com.mysql.jdbc.Driver] not found.
	at org.eclipse.persistence.exceptions.DatabaseException.configurationErrorClassNotFound(DatabaseException.java:82)
	at org.eclipse.persistence.sessions.DefaultConnector.loadDriverClass(DefaultConnector.java:267)
	at org.eclipse.persistence.sessions.DefaultConnector.connect(DefaultConnector.java:85)
	at org.eclipse.persistence.sessions.DatasourceLogin.connectToDatasource(DatasourceLogin.java:162)
	at org.eclipse.persistence.internal.sessions.DatabaseSessionImpl.loginAndDetectDatasource(DatabaseSessionImpl.java:579)
	at org.eclipse.persistence.internal.jpa.EntityManagerFactoryProvider.login(EntityManagerFactoryProvider.java:228)
	at org.eclipse.persistence.internal.jpa.EntityManagerSetupImpl.deploy(EntityManagerSetupImpl.java:380)
	at org.eclipse.persistence.internal.jpa.EntityManagerFactoryImpl.getServerSession(EntityManagerFactoryImpl.java:157)
	at org.eclipse.persistence.internal.jpa.EntityManagerFactoryImpl.createEntityManagerImpl(EntityManagerFactoryImpl.java:214)
	at org.eclipse.persistence.internal.jpa.EntityManagerFactoryImpl.createEntityManager(EntityManagerFactoryImpl.java:202)
	at br.gov.frameworkdemoiselle.internal.producer.AbstractEntityManagerStore.getEntityManager(AbstractEntityManagerStore.java:82)
	at br.gov.frameworkdemoiselle.internal.producer.AbstractEntityManagerStore.init(AbstractEntityManagerStore.java:94)
	at br.gov.frameworkdemoiselle.internal.producer.RequestEntityManagerStore.initialize(RequestEntityManagerStore.java:58)
	at sun.reflect.NativeMethodAccessorImpl.invoke0(Native Method)
	at sun.reflect.NativeMethodAccessorImpl.invoke(NativeMethodAccessorImpl.java:57)
	at sun.reflect.DelegatingMethodAccessorImpl.invoke(DelegatingMethodAccessorImpl.java:43)
	at java.lang.reflect.Method.invoke(Method.java:601)
	at org.jboss.weld.util.reflection.SecureReflections$13.work(SecureReflections.java:267)
	at org.jboss.weld.util.reflection.SecureReflectionAccess.run(SecureReflectionAccess.java:52)
	at org.jboss.weld.util.reflection.SecureReflectionAccess.runAsInvocation(SecureReflectionAccess.java:137)
	at org.jboss.weld.util.reflection.SecureReflections.invoke(SecureReflections.java:263)
	at org.jboss.weld.introspector.jlr.WeldMethodImpl.invoke(WeldMethodImpl.java:174)
	at org.jboss.weld.bean.AbstractClassBean.defaultPostConstruct(AbstractClassBean.java:398)
	at org.jboss.weld.bean.ManagedBean$ManagedBeanInjectionTarget.postConstruct(ManagedBean.java:174)
	at org.jboss.weld.bean.ManagedBean.create(ManagedBean.java:294)
	at br.gov.frameworkdemoiselle.internal.context.AbstractCustomContext.get(AbstractCustomContext.java:98)
	at org.jboss.weld.bean.proxy.ContextBeanInstance.getInstance(ContextBeanInstance.java:90)
	at org.jboss.weld.bean.proxy.ProxyMethodHandler.invoke(ProxyMethodHandler.java:79)
	at br.gov.frameworkdemoiselle.internal.producer.RequestEntityManagerStore$Proxy$_$$_WeldClientProxy.getCache(RequestEntityManagerStore$Proxy$_$$_WeldClientProxy.java)
	at br.gov.frameworkdemoiselle.internal.producer.EntityManagerProducer.getCache(EntityManagerProducer.java:170)
	at br.gov.frameworkdemoiselle.internal.producer.EntityManagerProducer$Proxy$_$$_WeldClientProxy.getCache(EntityManagerProducer$Proxy$_$$_WeldClientProxy.java)
	at br.gov.frameworkdemoiselle.transaction.JPATransaction.getDelegate(JPATransaction.java:72)
	at br.gov.frameworkdemoiselle.transaction.JPATransaction.isActive(JPATransaction.java:128)
	at br.gov.frameworkdemoiselle.transaction.TransactionalInterceptor.initiate(TransactionalInterceptor.java:135)
	at br.gov.frameworkdemoiselle.transaction.TransactionalInterceptor.manage(TransactionalInterceptor.java:114)
	at sun.reflect.NativeMethodAccessorImpl.invoke0(Native Method)
	at sun.reflect.NativeMethodAccessorImpl.invoke(NativeMethodAccessorImpl.java:57)
	at sun.reflect.DelegatingMethodAccessorImpl.invoke(DelegatingMethodAccessorImpl.java:43)
	at java.lang.reflect.Method.invoke(Method.java:601)
	at org.jboss.weld.interceptor.proxy.SimpleMethodInvocation.invoke(SimpleMethodInvocation.java:30)
	at org.jboss.weld.interceptor.proxy.SimpleInterceptionChain.invokeNextInterceptor(SimpleInterceptionChain.java:68)
	at org.jboss.weld.interceptor.proxy.InterceptorMethodHandler.executeInterception(InterceptorMethodHandler.java:112)
	at org.jboss.weld.interceptor.proxy.InterceptorMethodHandler.invoke(InterceptorMethodHandler.java:88)
	at org.jboss.weld.bean.proxy.CombinedInterceptorAndDecoratorStackMethodHandler.invoke(CombinedInterceptorAndDecoratorStackMethodHandler.java:53)
	at br.org.vilicum.business.CongregacaoBC$Proxy$_$$_WeldSubclass.load(CongregacaoBC$Proxy$_$$_WeldSubclass.java)
	at sun.reflect.NativeMethodAccessorImpl.invoke0(Native Method)
	at sun.reflect.NativeMethodAccessorImpl.invoke(NativeMethodAccessorImpl.java:57)
	at sun.reflect.DelegatingMethodAccessorImpl.invoke(DelegatingMethodAccessorImpl.java:43)
	at java.lang.reflect.Method.invoke(Method.java:601)
	at br.gov.frameworkdemoiselle.internal.implementation.AnnotatedMethodProcessor.process(AnnotatedMethodProcessor.java:91)
	at br.gov.frameworkdemoiselle.internal.bootstrap.AbstractLifecycleBootstrap.proccessEvent(AbstractLifecycleBootstrap.java:133)
	at br.gov.frameworkdemoiselle.internal.bootstrap.StartupBootstrap.startup(StartupBootstrap.java:64)
	at sun.reflect.NativeMethodAccessorImpl.invoke0(Native Method)
	at sun.reflect.NativeMethodAccessorImpl.invoke(NativeMethodAccessorImpl.java:57)
	at sun.reflect.DelegatingMethodAccessorImpl.invoke(DelegatingMethodAccessorImpl.java:43)
	at java.lang.reflect.Method.invoke(Method.java:601)
	at org.jboss.weld.util.reflection.SecureReflections$13.work(SecureReflections.java:267)
	at org.jboss.weld.util.reflection.SecureReflectionAccess.run(SecureReflectionAccess.java:52)
	at org.jboss.weld.util.reflection.SecureReflectionAccess.runAsInvocation(SecureReflectionAccess.java:137)
	at org.jboss.weld.util.reflection.SecureReflections.invoke(SecureReflections.java:263)
	at org.jboss.weld.introspector.jlr.WeldMethodImpl.invokeOnInstance(WeldMethodImpl.java:170)
	at org.jboss.weld.introspector.ForwardingWeldMethod.invokeOnInstance(ForwardingWeldMethod.java:51)
	at org.jboss.weld.injection.MethodInjectionPoint.invokeOnInstanceWithSpecialValue(MethodInjectionPoint.java:154)
	at org.jboss.weld.event.ObserverMethodImpl.sendEvent(ObserverMethodImpl.java:245)
	at org.jboss.weld.event.ObserverMethodImpl.sendEvent(ObserverMethodImpl.java:233)
	at org.jboss.weld.event.ObserverMethodImpl.notify(ObserverMethodImpl.java:213)
	at org.jboss.weld.manager.BeanManagerImpl.notifyObservers(BeanManagerImpl.java:590)
	at org.jboss.weld.manager.BeanManagerImpl.fireEvent(BeanManagerImpl.java:580)
	at org.jboss.weld.manager.BeanManagerImpl.fireEvent(BeanManagerImpl.java:575)
	at br.gov.frameworkdemoiselle.junit.DemoiselleRunner.startup(DemoiselleRunner.java:83)
	at br.gov.frameworkdemoiselle.junit.DemoiselleRunner.run(DemoiselleRunner.java:72)
	at org.apache.maven.surefire.junit4.JUnit4TestSet.execute(JUnit4TestSet.java:53)
	at org.apache.maven.surefire.junit4.JUnit4Provider.executeTestSet(JUnit4Provider.java:123)
	at org.apache.maven.surefire.junit4.JUnit4Provider.invoke(JUnit4Provider.java:104)
	at sun.reflect.NativeMethodAccessorImpl.invoke0(Native Method)
	at sun.reflect.NativeMethodAccessorImpl.invoke(NativeMethodAccessorImpl.java:57)
	at sun.reflect.DelegatingMethodAccessorImpl.invoke(DelegatingMethodAccessorImpl.java:43)
	at java.lang.reflect.Method.invoke(Method.java:601)
	at org.apache.maven.surefire.util.ReflectionUtils.invokeMethodWithArray(ReflectionUtils.java:164)
	at org.apache.maven.surefire.booter.ProviderFactory$ProviderProxy.invoke(ProviderFactory.java:110)
	at org.apache.maven.surefire.booter.SurefireStarter.invokeProvider(SurefireStarter.java:175)
	at org.apache.maven.surefire.booter.SurefireStarter.runSuitesInProcessWhenForked(SurefireStarter.java:107)
	at org.apache.maven.surefire.booter.ForkedBooter.main(ForkedBooter.java:68)

8482 INFO  br.gov.frameworkdemoiselle.internal.implementation.AnnotatedMethodProcessor - Processando: public void br.org.vilicum.business.IngressoBC.load()
[EL Info]: 2014-06-01 17:29:30.363--ServerSession(13871446)--Thread(Thread[main,5,main])--EclipseLink, version: Eclipse Persistence Services - 2.1.0.v20100614-r7608
[EL Severe]: 2014-06-01 17:29:30.364--ServerSession(13871446)--Thread(Thread[main,5,main])--Local Exception Stack: 
Exception [EclipseLink-4003] (Eclipse Persistence Services - 2.1.0.v20100614-r7608): org.eclipse.persistence.exceptions.DatabaseException
Exception Description: Configuration error.  Class [com.mysql.jdbc.Driver] not found.
	at org.eclipse.persistence.exceptions.DatabaseException.configurationErrorClassNotFound(DatabaseException.java:82)
	at org.eclipse.persistence.sessions.DefaultConnector.loadDriverClass(DefaultConnector.java:267)
	at org.eclipse.persistence.sessions.DefaultConnector.connect(DefaultConnector.java:85)
	at org.eclipse.persistence.sessions.DatasourceLogin.connectToDatasource(DatasourceLogin.java:162)
	at org.eclipse.persistence.internal.sessions.DatabaseSessionImpl.loginAndDetectDatasource(DatabaseSessionImpl.java:579)
	at org.eclipse.persistence.internal.jpa.EntityManagerFactoryProvider.login(EntityManagerFactoryProvider.java:228)
	at org.eclipse.persistence.internal.jpa.EntityManagerSetupImpl.deploy(EntityManagerSetupImpl.java:380)
	at org.eclipse.persistence.internal.jpa.EntityManagerFactoryImpl.getServerSession(EntityManagerFactoryImpl.java:157)
	at org.eclipse.persistence.internal.jpa.EntityManagerFactoryImpl.createEntityManagerImpl(EntityManagerFactoryImpl.java:214)
	at org.eclipse.persistence.internal.jpa.EntityManagerFactoryImpl.createEntityManager(EntityManagerFactoryImpl.java:202)
	at br.gov.frameworkdemoiselle.internal.producer.AbstractEntityManagerStore.getEntityManager(AbstractEntityManagerStore.java:82)
	at br.gov.frameworkdemoiselle.internal.producer.AbstractEntityManagerStore.init(AbstractEntityManagerStore.java:94)
	at br.gov.frameworkdemoiselle.internal.producer.RequestEntityManagerStore.initialize(RequestEntityManagerStore.java:58)
	at sun.reflect.NativeMethodAccessorImpl.invoke0(Native Method)
	at sun.reflect.NativeMethodAccessorImpl.invoke(NativeMethodAccessorImpl.java:57)
	at sun.reflect.DelegatingMethodAccessorImpl.invoke(DelegatingMethodAccessorImpl.java:43)
	at java.lang.reflect.Method.invoke(Method.java:601)
	at org.jboss.weld.util.reflection.SecureReflections$13.work(SecureReflections.java:267)
	at org.jboss.weld.util.reflection.SecureReflectionAccess.run(SecureReflectionAccess.java:52)
	at org.jboss.weld.util.reflection.SecureReflectionAccess.runAsInvocation(SecureReflectionAccess.java:137)
	at org.jboss.weld.util.reflection.SecureReflections.invoke(SecureReflections.java:263)
	at org.jboss.weld.introspector.jlr.WeldMethodImpl.invoke(WeldMethodImpl.java:174)
	at org.jboss.weld.bean.AbstractClassBean.defaultPostConstruct(AbstractClassBean.java:398)
	at org.jboss.weld.bean.ManagedBean$ManagedBeanInjectionTarget.postConstruct(ManagedBean.java:174)
	at org.jboss.weld.bean.ManagedBean.create(ManagedBean.java:294)
	at br.gov.frameworkdemoiselle.internal.context.AbstractCustomContext.get(AbstractCustomContext.java:98)
	at org.jboss.weld.bean.proxy.ContextBeanInstance.getInstance(ContextBeanInstance.java:90)
	at org.jboss.weld.bean.proxy.ProxyMethodHandler.invoke(ProxyMethodHandler.java:79)
	at br.gov.frameworkdemoiselle.internal.producer.RequestEntityManagerStore$Proxy$_$$_WeldClientProxy.getCache(RequestEntityManagerStore$Proxy$_$$_WeldClientProxy.java)
	at br.gov.frameworkdemoiselle.internal.producer.EntityManagerProducer.getCache(EntityManagerProducer.java:170)
	at br.gov.frameworkdemoiselle.internal.producer.EntityManagerProducer$Proxy$_$$_WeldClientProxy.getCache(EntityManagerProducer$Proxy$_$$_WeldClientProxy.java)
	at br.gov.frameworkdemoiselle.transaction.JPATransaction.getDelegate(JPATransaction.java:72)
	at br.gov.frameworkdemoiselle.transaction.JPATransaction.isActive(JPATransaction.java:128)
	at br.gov.frameworkdemoiselle.transaction.TransactionalInterceptor.initiate(TransactionalInterceptor.java:135)
	at br.gov.frameworkdemoiselle.transaction.TransactionalInterceptor.manage(TransactionalInterceptor.java:114)
	at sun.reflect.NativeMethodAccessorImpl.invoke0(Native Method)
	at sun.reflect.NativeMethodAccessorImpl.invoke(NativeMethodAccessorImpl.java:57)
	at sun.reflect.DelegatingMethodAccessorImpl.invoke(DelegatingMethodAccessorImpl.java:43)
	at java.lang.reflect.Method.invoke(Method.java:601)
	at org.jboss.weld.interceptor.proxy.SimpleMethodInvocation.invoke(SimpleMethodInvocation.java:30)
	at org.jboss.weld.interceptor.proxy.SimpleInterceptionChain.invokeNextInterceptor(SimpleInterceptionChain.java:68)
	at org.jboss.weld.interceptor.proxy.InterceptorMethodHandler.executeInterception(InterceptorMethodHandler.java:112)
	at org.jboss.weld.interceptor.proxy.InterceptorMethodHandler.invoke(InterceptorMethodHandler.java:88)
	at org.jboss.weld.bean.proxy.CombinedInterceptorAndDecoratorStackMethodHandler.invoke(CombinedInterceptorAndDecoratorStackMethodHandler.java:53)
	at br.org.vilicum.business.IngressoBC$Proxy$_$$_WeldSubclass.load(IngressoBC$Proxy$_$$_WeldSubclass.java)
	at sun.reflect.NativeMethodAccessorImpl.invoke0(Native Method)
	at sun.reflect.NativeMethodAccessorImpl.invoke(NativeMethodAccessorImpl.java:57)
	at sun.reflect.DelegatingMethodAccessorImpl.invoke(DelegatingMethodAccessorImpl.java:43)
	at java.lang.reflect.Method.invoke(Method.java:601)
	at br.gov.frameworkdemoiselle.internal.implementation.AnnotatedMethodProcessor.process(AnnotatedMethodProcessor.java:91)
	at br.gov.frameworkdemoiselle.internal.bootstrap.AbstractLifecycleBootstrap.proccessEvent(AbstractLifecycleBootstrap.java:133)
	at br.gov.frameworkdemoiselle.internal.bootstrap.StartupBootstrap.startup(StartupBootstrap.java:64)
	at sun.reflect.NativeMethodAccessorImpl.invoke0(Native Method)
	at sun.reflect.NativeMethodAccessorImpl.invoke(NativeMethodAccessorImpl.java:57)
	at sun.reflect.DelegatingMethodAccessorImpl.invoke(DelegatingMethodAccessorImpl.java:43)
	at java.lang.reflect.Method.invoke(Method.java:601)
	at org.jboss.weld.util.reflection.SecureReflections$13.work(SecureReflections.java:267)
	at org.jboss.weld.util.reflection.SecureReflectionAccess.run(SecureReflectionAccess.java:52)
	at org.jboss.weld.util.reflection.SecureReflectionAccess.runAsInvocation(SecureReflectionAccess.java:137)
	at org.jboss.weld.util.reflection.SecureReflections.invoke(SecureReflections.java:263)
	at org.jboss.weld.introspector.jlr.WeldMethodImpl.invokeOnInstance(WeldMethodImpl.java:170)
	at org.jboss.weld.introspector.ForwardingWeldMethod.invokeOnInstance(ForwardingWeldMethod.java:51)
	at org.jboss.weld.injection.MethodInjectionPoint.invokeOnInstanceWithSpecialValue(MethodInjectionPoint.java:154)
	at org.jboss.weld.event.ObserverMethodImpl.sendEvent(ObserverMethodImpl.java:245)
	at org.jboss.weld.event.ObserverMethodImpl.sendEvent(ObserverMethodImpl.java:233)
	at org.jboss.weld.event.ObserverMethodImpl.notify(ObserverMethodImpl.java:213)
	at org.jboss.weld.manager.BeanManagerImpl.notifyObservers(BeanManagerImpl.java:590)
	at org.jboss.weld.manager.BeanManagerImpl.fireEvent(BeanManagerImpl.java:580)
	at org.jboss.weld.manager.BeanManagerImpl.fireEvent(BeanManagerImpl.java:575)
	at br.gov.frameworkdemoiselle.junit.DemoiselleRunner.startup(DemoiselleRunner.java:83)
	at br.gov.frameworkdemoiselle.junit.DemoiselleRunner.run(DemoiselleRunner.java:72)
	at org.apache.maven.surefire.junit4.JUnit4TestSet.execute(JUnit4TestSet.java:53)
	at org.apache.maven.surefire.junit4.JUnit4Provider.executeTestSet(JUnit4Provider.java:123)
	at org.apache.maven.surefire.junit4.JUnit4Provider.invoke(JUnit4Provider.java:104)
	at sun.reflect.NativeMethodAccessorImpl.invoke0(Native Method)
	at sun.reflect.NativeMethodAccessorImpl.invoke(NativeMethodAccessorImpl.java:57)
	at sun.reflect.DelegatingMethodAccessorImpl.invoke(DelegatingMethodAccessorImpl.java:43)
	at java.lang.reflect.Method.invoke(Method.java:601)
	at org.apache.maven.surefire.util.ReflectionUtils.invokeMethodWithArray(ReflectionUtils.java:164)
	at org.apache.maven.surefire.booter.ProviderFactory$ProviderProxy.invoke(ProviderFactory.java:110)
	at org.apache.maven.surefire.booter.SurefireStarter.invokeProvider(SurefireStarter.java:175)
	at org.apache.maven.surefire.booter.SurefireStarter.runSuitesInProcessWhenForked(SurefireStarter.java:107)
	at org.apache.maven.surefire.booter.ForkedBooter.main(ForkedBooter.java:68)

8489 INFO  br.gov.frameworkdemoiselle.internal.implementation.AnnotatedMethodProcessor - Processando: public void br.org.vilicum.business.PerfilBC.load()
[EL Info]: 2014-06-01 17:29:30.369--ServerSession(13871446)--Thread(Thread[main,5,main])--EclipseLink, version: Eclipse Persistence Services - 2.1.0.v20100614-r7608
[EL Severe]: 2014-06-01 17:29:30.37--ServerSession(13871446)--Thread(Thread[main,5,main])--Local Exception Stack: 
Exception [EclipseLink-4003] (Eclipse Persistence Services - 2.1.0.v20100614-r7608): org.eclipse.persistence.exceptions.DatabaseException
Exception Description: Configuration error.  Class [com.mysql.jdbc.Driver] not found.
	at org.eclipse.persistence.exceptions.DatabaseException.configurationErrorClassNotFound(DatabaseException.java:82)
	at org.eclipse.persistence.sessions.DefaultConnector.loadDriverClass(DefaultConnector.java:267)
	at org.eclipse.persistence.sessions.DefaultConnector.connect(DefaultConnector.java:85)
	at org.eclipse.persistence.sessions.DatasourceLogin.connectToDatasource(DatasourceLogin.java:162)
	at org.eclipse.persistence.internal.sessions.DatabaseSessionImpl.loginAndDetectDatasource(DatabaseSessionImpl.java:579)
	at org.eclipse.persistence.internal.jpa.EntityManagerFactoryProvider.login(EntityManagerFactoryProvider.java:228)
	at org.eclipse.persistence.internal.jpa.EntityManagerSetupImpl.deploy(EntityManagerSetupImpl.java:380)
	at org.eclipse.persistence.internal.jpa.EntityManagerFactoryImpl.getServerSession(EntityManagerFactoryImpl.java:157)
	at org.eclipse.persistence.internal.jpa.EntityManagerFactoryImpl.createEntityManagerImpl(EntityManagerFactoryImpl.java:214)
	at org.eclipse.persistence.internal.jpa.EntityManagerFactoryImpl.createEntityManager(EntityManagerFactoryImpl.java:202)
	at br.gov.frameworkdemoiselle.internal.producer.AbstractEntityManagerStore.getEntityManager(AbstractEntityManagerStore.java:82)
	at br.gov.frameworkdemoiselle.internal.producer.AbstractEntityManagerStore.init(AbstractEntityManagerStore.java:94)
	at br.gov.frameworkdemoiselle.internal.producer.RequestEntityManagerStore.initialize(RequestEntityManagerStore.java:58)
	at sun.reflect.NativeMethodAccessorImpl.invoke0(Native Method)
	at sun.reflect.NativeMethodAccessorImpl.invoke(NativeMethodAccessorImpl.java:57)
	at sun.reflect.DelegatingMethodAccessorImpl.invoke(DelegatingMethodAccessorImpl.java:43)
	at java.lang.reflect.Method.invoke(Method.java:601)
	at org.jboss.weld.util.reflection.SecureReflections$13.work(SecureReflections.java:267)
	at org.jboss.weld.util.reflection.SecureReflectionAccess.run(SecureReflectionAccess.java:52)
	at org.jboss.weld.util.reflection.SecureReflectionAccess.runAsInvocation(SecureReflectionAccess.java:137)
	at org.jboss.weld.util.reflection.SecureReflections.invoke(SecureReflections.java:263)
	at org.jboss.weld.introspector.jlr.WeldMethodImpl.invoke(WeldMethodImpl.java:174)
	at org.jboss.weld.bean.AbstractClassBean.defaultPostConstruct(AbstractClassBean.java:398)
	at org.jboss.weld.bean.ManagedBean$ManagedBeanInjectionTarget.postConstruct(ManagedBean.java:174)
	at org.jboss.weld.bean.ManagedBean.create(ManagedBean.java:294)
	at br.gov.frameworkdemoiselle.internal.context.AbstractCustomContext.get(AbstractCustomContext.java:98)
	at org.jboss.weld.bean.proxy.ContextBeanInstance.getInstance(ContextBeanInstance.java:90)
	at org.jboss.weld.bean.proxy.ProxyMethodHandler.invoke(ProxyMethodHandler.java:79)
	at br.gov.frameworkdemoiselle.internal.producer.RequestEntityManagerStore$Proxy$_$$_WeldClientProxy.getCache(RequestEntityManagerStore$Proxy$_$$_WeldClientProxy.java)
	at br.gov.frameworkdemoiselle.internal.producer.EntityManagerProducer.getCache(EntityManagerProducer.java:170)
	at br.gov.frameworkdemoiselle.internal.producer.EntityManagerProducer$Proxy$_$$_WeldClientProxy.getCache(EntityManagerProducer$Proxy$_$$_WeldClientProxy.java)
	at br.gov.frameworkdemoiselle.transaction.JPATransaction.getDelegate(JPATransaction.java:72)
	at br.gov.frameworkdemoiselle.transaction.JPATransaction.isActive(JPATransaction.java:128)
	at br.gov.frameworkdemoiselle.transaction.TransactionalInterceptor.initiate(TransactionalInterceptor.java:135)
	at br.gov.frameworkdemoiselle.transaction.TransactionalInterceptor.manage(TransactionalInterceptor.java:114)
	at sun.reflect.NativeMethodAccessorImpl.invoke0(Native Method)
	at sun.reflect.NativeMethodAccessorImpl.invoke(NativeMethodAccessorImpl.java:57)
	at sun.reflect.DelegatingMethodAccessorImpl.invoke(DelegatingMethodAccessorImpl.java:43)
	at java.lang.reflect.Method.invoke(Method.java:601)
	at org.jboss.weld.interceptor.proxy.SimpleMethodInvocation.invoke(SimpleMethodInvocation.java:30)
	at org.jboss.weld.interceptor.proxy.SimpleInterceptionChain.invokeNextInterceptor(SimpleInterceptionChain.java:68)
	at org.jboss.weld.interceptor.proxy.InterceptorMethodHandler.executeInterception(InterceptorMethodHandler.java:112)
	at org.jboss.weld.interceptor.proxy.InterceptorMethodHandler.invoke(InterceptorMethodHandler.java:88)
	at org.jboss.weld.bean.proxy.CombinedInterceptorAndDecoratorStackMethodHandler.invoke(CombinedInterceptorAndDecoratorStackMethodHandler.java:53)
	at br.org.vilicum.business.PerfilBC$Proxy$_$$_WeldSubclass.load(PerfilBC$Proxy$_$$_WeldSubclass.java)
	at sun.reflect.NativeMethodAccessorImpl.invoke0(Native Method)
	at sun.reflect.NativeMethodAccessorImpl.invoke(NativeMethodAccessorImpl.java:57)
	at sun.reflect.DelegatingMethodAccessorImpl.invoke(DelegatingMethodAccessorImpl.java:43)
	at java.lang.reflect.Method.invoke(Method.java:601)
	at br.gov.frameworkdemoiselle.internal.implementation.AnnotatedMethodProcessor.process(AnnotatedMethodProcessor.java:91)
	at br.gov.frameworkdemoiselle.internal.bootstrap.AbstractLifecycleBootstrap.proccessEvent(AbstractLifecycleBootstrap.java:133)
	at br.gov.frameworkdemoiselle.internal.bootstrap.StartupBootstrap.startup(StartupBootstrap.java:64)
	at sun.reflect.NativeMethodAccessorImpl.invoke0(Native Method)
	at sun.reflect.NativeMethodAccessorImpl.invoke(NativeMethodAccessorImpl.java:57)
	at sun.reflect.DelegatingMethodAccessorImpl.invoke(DelegatingMethodAccessorImpl.java:43)
	at java.lang.reflect.Method.invoke(Method.java:601)
	at org.jboss.weld.util.reflection.SecureReflections$13.work(SecureReflections.java:267)
	at org.jboss.weld.util.reflection.SecureReflectionAccess.run(SecureReflectionAccess.java:52)
	at org.jboss.weld.util.reflection.SecureReflectionAccess.runAsInvocation(SecureReflectionAccess.java:137)
	at org.jboss.weld.util.reflection.SecureReflections.invoke(SecureReflections.java:263)
	at org.jboss.weld.introspector.jlr.WeldMethodImpl.invokeOnInstance(WeldMethodImpl.java:170)
	at org.jboss.weld.introspector.ForwardingWeldMethod.invokeOnInstance(ForwardingWeldMethod.java:51)
	at org.jboss.weld.injection.MethodInjectionPoint.invokeOnInstanceWithSpecialValue(MethodInjectionPoint.java:154)
	at org.jboss.weld.event.ObserverMethodImpl.sendEvent(ObserverMethodImpl.java:245)
	at org.jboss.weld.event.ObserverMethodImpl.sendEvent(ObserverMethodImpl.java:233)
	at org.jboss.weld.event.ObserverMethodImpl.notify(ObserverMethodImpl.java:213)
	at org.jboss.weld.manager.BeanManagerImpl.notifyObservers(BeanManagerImpl.java:590)
	at org.jboss.weld.manager.BeanManagerImpl.fireEvent(BeanManagerImpl.java:580)
	at org.jboss.weld.manager.BeanManagerImpl.fireEvent(BeanManagerImpl.java:575)
	at br.gov.frameworkdemoiselle.junit.DemoiselleRunner.startup(DemoiselleRunner.java:83)
	at br.gov.frameworkdemoiselle.junit.DemoiselleRunner.run(DemoiselleRunner.java:72)
	at org.apache.maven.surefire.junit4.JUnit4TestSet.execute(JUnit4TestSet.java:53)
	at org.apache.maven.surefire.junit4.JUnit4Provider.executeTestSet(JUnit4Provider.java:123)
	at org.apache.maven.surefire.junit4.JUnit4Provider.invoke(JUnit4Provider.java:104)
	at sun.reflect.NativeMethodAccessorImpl.invoke0(Native Method)
	at sun.reflect.NativeMethodAccessorImpl.invoke(NativeMethodAccessorImpl.java:57)
	at sun.reflect.DelegatingMethodAccessorImpl.invoke(DelegatingMethodAccessorImpl.java:43)
	at java.lang.reflect.Method.invoke(Method.java:601)
	at org.apache.maven.surefire.util.ReflectionUtils.invokeMethodWithArray(ReflectionUtils.java:164)
	at org.apache.maven.surefire.booter.ProviderFactory$ProviderProxy.invoke(ProviderFactory.java:110)
	at org.apache.maven.surefire.booter.SurefireStarter.invokeProvider(SurefireStarter.java:175)
	at org.apache.maven.surefire.booter.SurefireStarter.runSuitesInProcessWhenForked(SurefireStarter.java:107)
	at org.apache.maven.surefire.booter.ForkedBooter.main(ForkedBooter.java:68)

8495 INFO  br.gov.frameworkdemoiselle.internal.implementation.AnnotatedMethodProcessor - Processando: public void br.org.vilicum.business.UsuarioBC.load()
[EL Info]: 2014-06-01 17:29:30.375--ServerSession(13871446)--Thread(Thread[main,5,main])--EclipseLink, version: Eclipse Persistence Services - 2.1.0.v20100614-r7608
[EL Severe]: 2014-06-01 17:29:30.376--ServerSession(13871446)--Thread(Thread[main,5,main])--Local Exception Stack: 
Exception [EclipseLink-4003] (Eclipse Persistence Services - 2.1.0.v20100614-r7608): org.eclipse.persistence.exceptions.DatabaseException
Exception Description: Configuration error.  Class [com.mysql.jdbc.Driver] not found.
	at org.eclipse.persistence.exceptions.DatabaseException.configurationErrorClassNotFound(DatabaseException.java:82)
	at org.eclipse.persistence.sessions.DefaultConnector.loadDriverClass(DefaultConnector.java:267)
	at org.eclipse.persistence.sessions.DefaultConnector.connect(DefaultConnector.java:85)
	at org.eclipse.persistence.sessions.DatasourceLogin.connectToDatasource(DatasourceLogin.java:162)
	at org.eclipse.persistence.internal.sessions.DatabaseSessionImpl.loginAndDetectDatasource(DatabaseSessionImpl.java:579)
	at org.eclipse.persistence.internal.jpa.EntityManagerFactoryProvider.login(EntityManagerFactoryProvider.java:228)
	at org.eclipse.persistence.internal.jpa.EntityManagerSetupImpl.deploy(EntityManagerSetupImpl.java:380)
	at org.eclipse.persistence.internal.jpa.EntityManagerFactoryImpl.getServerSession(EntityManagerFactoryImpl.java:157)
	at org.eclipse.persistence.internal.jpa.EntityManagerFactoryImpl.createEntityManagerImpl(EntityManagerFactoryImpl.java:214)
	at org.eclipse.persistence.internal.jpa.EntityManagerFactoryImpl.createEntityManager(EntityManagerFactoryImpl.java:202)
	at br.gov.frameworkdemoiselle.internal.producer.AbstractEntityManagerStore.getEntityManager(AbstractEntityManagerStore.java:82)
	at br.gov.frameworkdemoiselle.internal.producer.AbstractEntityManagerStore.init(AbstractEntityManagerStore.java:94)
	at br.gov.frameworkdemoiselle.internal.producer.RequestEntityManagerStore.initialize(RequestEntityManagerStore.java:58)
	at sun.reflect.NativeMethodAccessorImpl.invoke0(Native Method)
	at sun.reflect.NativeMethodAccessorImpl.invoke(NativeMethodAccessorImpl.java:57)
	at sun.reflect.DelegatingMethodAccessorImpl.invoke(DelegatingMethodAccessorImpl.java:43)
	at java.lang.reflect.Method.invoke(Method.java:601)
	at org.jboss.weld.util.reflection.SecureReflections$13.work(SecureReflections.java:267)
	at org.jboss.weld.util.reflection.SecureReflectionAccess.run(SecureReflectionAccess.java:52)
	at org.jboss.weld.util.reflection.SecureReflectionAccess.runAsInvocation(SecureReflectionAccess.java:137)
	at org.jboss.weld.util.reflection.SecureReflections.invoke(SecureReflections.java:263)
	at org.jboss.weld.introspector.jlr.WeldMethodImpl.invoke(WeldMethodImpl.java:174)
	at org.jboss.weld.bean.AbstractClassBean.defaultPostConstruct(AbstractClassBean.java:398)
	at org.jboss.weld.bean.ManagedBean$ManagedBeanInjectionTarget.postConstruct(ManagedBean.java:174)
	at org.jboss.weld.bean.ManagedBean.create(ManagedBean.java:294)
	at br.gov.frameworkdemoiselle.internal.context.AbstractCustomContext.get(AbstractCustomContext.java:98)
	at org.jboss.weld.bean.proxy.ContextBeanInstance.getInstance(ContextBeanInstance.java:90)
	at org.jboss.weld.bean.proxy.ProxyMethodHandler.invoke(ProxyMethodHandler.java:79)
	at br.gov.frameworkdemoiselle.internal.producer.RequestEntityManagerStore$Proxy$_$$_WeldClientProxy.getCache(RequestEntityManagerStore$Proxy$_$$_WeldClientProxy.java)
	at br.gov.frameworkdemoiselle.internal.producer.EntityManagerProducer.getCache(EntityManagerProducer.java:170)
	at br.gov.frameworkdemoiselle.internal.producer.EntityManagerProducer$Proxy$_$$_WeldClientProxy.getCache(EntityManagerProducer$Proxy$_$$_WeldClientProxy.java)
	at br.gov.frameworkdemoiselle.transaction.JPATransaction.getDelegate(JPATransaction.java:72)
	at br.gov.frameworkdemoiselle.transaction.JPATransaction.isActive(JPATransaction.java:128)
	at br.gov.frameworkdemoiselle.transaction.TransactionalInterceptor.initiate(TransactionalInterceptor.java:135)
	at br.gov.frameworkdemoiselle.transaction.TransactionalInterceptor.manage(TransactionalInterceptor.java:114)
	at sun.reflect.NativeMethodAccessorImpl.invoke0(Native Method)
	at sun.reflect.NativeMethodAccessorImpl.invoke(NativeMethodAccessorImpl.java:57)
	at sun.reflect.DelegatingMethodAccessorImpl.invoke(DelegatingMethodAccessorImpl.java:43)
	at java.lang.reflect.Method.invoke(Method.java:601)
	at org.jboss.weld.interceptor.proxy.SimpleMethodInvocation.invoke(SimpleMethodInvocation.java:30)
	at org.jboss.weld.interceptor.proxy.SimpleInterceptionChain.invokeNextInterceptor(SimpleInterceptionChain.java:68)
	at org.jboss.weld.interceptor.proxy.InterceptorMethodHandler.executeInterception(InterceptorMethodHandler.java:112)
	at org.jboss.weld.interceptor.proxy.InterceptorMethodHandler.invoke(InterceptorMethodHandler.java:88)
	at org.jboss.weld.bean.proxy.CombinedInterceptorAndDecoratorStackMethodHandler.invoke(CombinedInterceptorAndDecoratorStackMethodHandler.java:53)
	at br.org.vilicum.business.UsuarioBC$Proxy$_$$_WeldSubclass.load(UsuarioBC$Proxy$_$$_WeldSubclass.java)
	at sun.reflect.NativeMethodAccessorImpl.invoke0(Native Method)
	at sun.reflect.NativeMethodAccessorImpl.invoke(NativeMethodAccessorImpl.java:57)
	at sun.reflect.DelegatingMethodAccessorImpl.invoke(DelegatingMethodAccessorImpl.java:43)
	at java.lang.reflect.Method.invoke(Method.java:601)
	at br.gov.frameworkdemoiselle.internal.implementation.AnnotatedMethodProcessor.process(AnnotatedMethodProcessor.java:91)
	at br.gov.frameworkdemoiselle.internal.bootstrap.AbstractLifecycleBootstrap.proccessEvent(AbstractLifecycleBootstrap.java:133)
	at br.gov.frameworkdemoiselle.internal.bootstrap.StartupBootstrap.startup(StartupBootstrap.java:64)
	at sun.reflect.NativeMethodAccessorImpl.invoke0(Native Method)
	at sun.reflect.NativeMethodAccessorImpl.invoke(NativeMethodAccessorImpl.java:57)
	at sun.reflect.DelegatingMethodAccessorImpl.invoke(DelegatingMethodAccessorImpl.java:43)
	at java.lang.reflect.Method.invoke(Method.java:601)
	at org.jboss.weld.util.reflection.SecureReflections$13.work(SecureReflections.java:267)
	at org.jboss.weld.util.reflection.SecureReflectionAccess.run(SecureReflectionAccess.java:52)
	at org.jboss.weld.util.reflection.SecureReflectionAccess.runAsInvocation(SecureReflectionAccess.java:137)
	at org.jboss.weld.util.reflection.SecureReflections.invoke(SecureReflections.java:263)
	at org.jboss.weld.introspector.jlr.WeldMethodImpl.invokeOnInstance(WeldMethodImpl.java:170)
	at org.jboss.weld.introspector.ForwardingWeldMethod.invokeOnInstance(ForwardingWeldMethod.java:51)
	at org.jboss.weld.injection.MethodInjectionPoint.invokeOnInstanceWithSpecialValue(MethodInjectionPoint.java:154)
	at org.jboss.weld.event.ObserverMethodImpl.sendEvent(ObserverMethodImpl.java:245)
	at org.jboss.weld.event.ObserverMethodImpl.sendEvent(ObserverMethodImpl.java:233)
	at org.jboss.weld.event.ObserverMethodImpl.notify(ObserverMethodImpl.java:213)
	at org.jboss.weld.manager.BeanManagerImpl.notifyObservers(BeanManagerImpl.java:590)
	at org.jboss.weld.manager.BeanManagerImpl.fireEvent(BeanManagerImpl.java:580)
	at org.jboss.weld.manager.BeanManagerImpl.fireEvent(BeanManagerImpl.java:575)
	at br.gov.frameworkdemoiselle.junit.DemoiselleRunner.startup(DemoiselleRunner.java:83)
	at br.gov.frameworkdemoiselle.junit.DemoiselleRunner.run(DemoiselleRunner.java:72)
	at org.apache.maven.surefire.junit4.JUnit4TestSet.execute(JUnit4TestSet.java:53)
	at org.apache.maven.surefire.junit4.JUnit4Provider.executeTestSet(JUnit4Provider.java:123)
	at org.apache.maven.surefire.junit4.JUnit4Provider.invoke(JUnit4Provider.java:104)
	at sun.reflect.NativeMethodAccessorImpl.invoke0(Native Method)
	at sun.reflect.NativeMethodAccessorImpl.invoke(NativeMethodAccessorImpl.java:57)
	at sun.reflect.DelegatingMethodAccessorImpl.invoke(DelegatingMethodAccessorImpl.java:43)
	at java.lang.reflect.Method.invoke(Method.java:601)
	at org.apache.maven.surefire.util.ReflectionUtils.invokeMethodWithArray(ReflectionUtils.java:164)
	at org.apache.maven.surefire.booter.ProviderFactory$ProviderProxy.invoke(ProviderFactory.java:110)
	at org.apache.maven.surefire.booter.SurefireStarter.invokeProvider(SurefireStarter.java:175)
	at org.apache.maven.surefire.booter.SurefireStarter.runSuitesInProcessWhenForked(SurefireStarter.java:107)
	at org.apache.maven.surefire.booter.ForkedBooter.main(ForkedBooter.java:68)

</system-out>
  </testcase>
</testsuite>